#
# A fatal error has been detected by the Java Runtime Environment:
#
#  EXCEPTION_ACCESS_VIOLATION (0xc0000005) at pc=0x00007ffce94b6490, pid=5904, tid=0x00000000000015c8
#
# JRE version: Java(TM) SE Runtime Environment (8.0_181-b13) (build 1.8.0_181-b13)
# Java VM: Java HotSpot(TM) 64-Bit Server VM (25.181-b13 mixed mode windows-amd64 compressed oops)
# Problematic frame:
# C  [glfw.dll+0x6490]
#
# Failed to write core dump. Minidumps are not enabled by default on client versions of Windows
#
# If you would like to submit a bug report, please visit:
#   http://bugreport.java.com/bugreport/crash.jsp
# The crash happened outside the Java Virtual Machine in native code.
# See problematic frame for where to report the bug.
#

---------------  T H R E A D  ---------------

Current thread (0x0000000002444000):  JavaThread "main" [_thread_in_native, id=5576, stack(0x00000000022f0000,0x00000000023f0000)]

siginfo: ExceptionCode=0xc0000005, reading address 0x0000000000000000

Registers:
RAX=0x0000000000000000, RBX=0x00000000006ed240, RCX=0x0000000000000000, RDX=0x00007ffce9507ee0
RSP=0x00000000023eef70, RBP=0x00000000023ef000, RSI=0x0000000000000002, RDI=0x000000000254835d
R8 =0x00000000006ed240, R9 =0x00007ffce94b63e0, R10=0x00007ffcea191b10, R11=0x00000000028d8dd8
R12=0x0000000000000000, R13=0x00000000023ef018, R14=0x00000000023eeff0, R15=0x0000000002444000
RIP=0x00007ffce94b6490, EFLAGS=0x0000000000010287

Top of Stack: (sp=0x00000000023eef70)
0x00000000023eef70:   00000000006ed240 0000000100060408
0x00000000023eef80:   0000000100060408 0000000002444000
0x00000000023eef90:   0000000016a2ac60 00000000028d8e8a
0x00000000023eefa0:   0000001a00000019 0000000016a19658
0x00000000023eefb0:   0000000002444000 0000000000000000
0x00000000023eefc0:   00000000023eefb0 0000000002444000
0x00000000023eefd0:   00000000023ef0a0 00000000168e99d8
0x00000000023eefe0:   0000000000000000 000000000254835d
0x00000000023eeff0:   00000000d84284a8 00000000023ef078
0x00000000023ef000:   00000000023ef078 000000000254835d
0x00000000023ef010:   000000000254835d 00007ffce94b63e0
0x00000000023ef020:   0000000000000005 00000000006ed240
0x00000000023ef030:   0000000002563ddf 00000000023ef038
0x00000000023ef040:   00000000168e99de 00000000023ef0a0
0x00000000023ef050:   00000000168fc458 000000001e339858
0x00000000023ef060:   00000000168e9a10 00000000023ef018 

Instructions: (pc=0x00007ffce94b6490)
0x00007ffce94b6470:   48 8b 0d 69 1a 05 00 48 8d 15 62 1a 05 00 48 3b
0x00007ffce94b6480:   cb 74 1b 0f 1f 40 00 66 0f 1f 84 00 00 00 00 00
0x00007ffce94b6490:   48 8b 01 48 8b d1 48 8b c8 48 3b c3 75 f2 48 8b
0x00007ffce94b64a0:   03 48 8b cb 48 89 02 48 83 c4 20 5b e9 97 27 01 


Register to memory mapping:

RAX=0x0000000000000000 is an unknown value
RBX=0x00000000006ed240 is an unknown value
RCX=0x0000000000000000 is an unknown value
RDX=0x00007ffce9507ee0 is an unknown value
RSP=0x00000000023eef70 is pointing into the stack for thread: 0x0000000002444000
RBP=0x00000000023ef000 is pointing into the stack for thread: 0x0000000002444000
RSI=0x0000000000000002 is an unknown value
RDI=0x000000000254835d is at code_begin+2301 in an Interpreter codelet
invoke return entry points  [0x0000000002547a60, 0x0000000002548440]  2528 bytes
R8 =0x00000000006ed240 is an unknown value
R9 =0x00007ffce94b63e0 is an unknown value
R10=0x00007ffcea191b10 is an unknown value
R11=0x00000000028d8dd8 is at entry_point+24 in (nmethod*)0x00000000028d8c50
R12=0x0000000000000000 is an unknown value
R13=0x00000000023ef018 is pointing into the stack for thread: 0x0000000002444000
R14=0x00000000023eeff0 is pointing into the stack for thread: 0x0000000002444000
R15=0x0000000002444000 is a thread


Stack: [0x00000000022f0000,0x00000000023f0000],  sp=0x00000000023eef70,  free space=1019k
Native frames: (J=compiled Java code, j=interpreted, Vv=VM code, C=native code)
C  [glfw.dll+0x6490]
C  0x00000000028d8e8a

Java frames: (J=compiled Java code, j=interpreted, Vv=VM code)
J 1022  org.lwjgl.system.JNI.invokePV(JJ)V (0 bytes) @ 0x00000000028d8e04 [0x00000000028d8dc0+0x44]
j  org.lwjgl.glfw.GLFW.glfwDestroyWindow(J)V+6
j  com.fuller.DungeonTrip.Window.destroy()V+18
j  com.fuller.DungeonTrip.GameLoop.gameLoop()V+213
j  com.fuller.DungeonTrip.GameLoop.run(Lcom/fuller/DungeonTrip/Window;)V+29
j  com.fuller.DungeonTrip.App.main([Ljava/lang/String;)V+175
v  ~StubRoutines::call_stub

---------------  P R O C E S S  ---------------

Java Threads: ( => current thread )
  0x0000000016ea1800 JavaThread "Service Thread" daemon [_thread_blocked, id=6192, stack(0x0000000018070000,0x0000000018170000)]
  0x0000000016e9a800 JavaThread "C1 CompilerThread1" daemon [_thread_blocked, id=7448, stack(0x0000000017f70000,0x0000000018070000)]
  0x0000000016e40800 JavaThread "C2 CompilerThread0" daemon [_thread_blocked, id=8856, stack(0x0000000017e70000,0x0000000017f70000)]
  0x0000000016e3f000 JavaThread "Attach Listener" daemon [_thread_blocked, id=936, stack(0x0000000017d70000,0x0000000017e70000)]
  0x0000000016e3b800 JavaThread "Signal Dispatcher" daemon [_thread_blocked, id=9276, stack(0x0000000017c70000,0x0000000017d70000)]
  0x0000000016e28800 JavaThread "Finalizer" daemon [_thread_blocked, id=5020, stack(0x0000000017a70000,0x0000000017b70000)]
  0x0000000002532800 JavaThread "Reference Handler" daemon [_thread_blocked, id=8004, stack(0x0000000017970000,0x0000000017a70000)]
=>0x0000000002444000 JavaThread "main" [_thread_in_native, id=5576, stack(0x00000000022f0000,0x00000000023f0000)]

Other Threads:
  0x0000000016e05800 VMThread [stack: 0x0000000017870000,0x0000000017970000] [id=6196]
  0x0000000016eb6000 WatcherThread [stack: 0x0000000018170000,0x0000000018270000] [id=3960]

VM state:not at safepoint (normal execution)

VM Mutex/Monitor currently owned by a thread: None

Heap:
 PSYoungGen      total 38400K, used 33444K [0x00000000d5e00000, 0x00000000d8880000, 0x0000000100000000)
  eden space 33280K, 96% used [0x00000000d5e00000,0x00000000d7d5d050,0x00000000d7e80000)
  from space 5120K, 25% used [0x00000000d8380000,0x00000000d84cc030,0x00000000d8880000)
  to   space 5120K, 0% used [0x00000000d7e80000,0x00000000d7e80000,0x00000000d8380000)
 ParOldGen       total 87552K, used 58629K [0x0000000081a00000, 0x0000000086f80000, 0x00000000d5e00000)
  object space 87552K, 66% used [0x0000000081a00000,0x0000000085341520,0x0000000086f80000)
 Metaspace       used 10793K, capacity 10991K, committed 11264K, reserved 1058816K
  class space    used 910K, capacity 976K, committed 1024K, reserved 1048576K

Card table byte_map: [0x0000000011900000,0x0000000011d00000] byte_map_base: 0x00000000114f3000

Marking Bits: (ParMarkBitMap*) 0x000000006be02d00
 Begin Bits: [0x00000000121b0000, 0x0000000014148000)
 End Bits:   [0x0000000014148000, 0x00000000160e0000)

Polling page: 0x0000000000960000

CodeCache: size=245760Kb used=4247Kb max_used=4273Kb free=241512Kb
 bounds [0x0000000002540000, 0x0000000002980000, 0x0000000011540000]
 total_blobs=2165 nmethods=1195 adapters=884
 compilation: enabled

Compilation events (10 events):
Event: 22.299 Thread 0x0000000016e40800 1191       4       lwjgui.scene.Node::getMaxPotentialHeight (57 bytes)
Event: 22.305 Thread 0x0000000016e40800 nmethod 1191 0x0000000002953950 code [0x0000000002953ae0, 0x0000000002953d58]
Event: 23.632 Thread 0x0000000016e40800 1192       4       lwjgui.scene.Node::usingAlignment (49 bytes)
Event: 23.635 Thread 0x0000000016e40800 nmethod 1192 0x000000000294afd0 code [0x000000000294b100, 0x000000000294b1b8]
Event: 23.650 Thread 0x0000000016e40800 1193       4       lwjgui.scene.Node::position (42 bytes)
Event: 24.531 Thread 0x0000000016e40800 nmethod 1193 0x000000000295cf50 code [0x000000000295d700, 0x0000000002964778]
Event: 24.531 Thread 0x0000000016e40800 1194       4       lwjgui.scene.Node::computeAbsolutePosition (182 bytes)
Event: 24.560 Thread 0x0000000016e40800 nmethod 1194 0x0000000002951690 code [0x0000000002951880, 0x0000000002952038]
Event: 25.300 Thread 0x0000000016e9a800 1195       3       java.lang.Enum::hashCode (5 bytes)
Event: 25.300 Thread 0x0000000016e9a800 nmethod 1195 0x000000000294ee90 code [0x000000000294f000, 0x000000000294f188]

GC Heap History (8 events):
Event: 5.591 GC heap before
{Heap before GC invocations=1 (full 0):
 PSYoungGen      total 38400K, used 31144K [0x00000000d5e00000, 0x00000000d8880000, 0x0000000100000000)
  eden space 33280K, 93% used [0x00000000d5e00000,0x00000000d7c6a370,0x00000000d7e80000)
  from space 5120K, 0% used [0x00000000d8380000,0x00000000d8380000,0x00000000d8880000)
  to   space 5120K, 0% used [0x00000000d7e80000,0x00000000d7e80000,0x00000000d8380000)
 ParOldGen       total 87552K, used 0K [0x0000000081a00000, 0x0000000086f80000, 0x00000000d5e00000)
  object space 87552K, 0% used [0x0000000081a00000,0x0000000081a00000,0x0000000086f80000)
 Metaspace       used 8866K, capacity 9059K, committed 9216K, reserved 1056768K
  class space    used 832K, capacity 908K, committed 1024K, reserved 1048576K
Event: 5.606 GC heap after
Heap after GC invocations=1 (full 0):
 PSYoungGen      total 38400K, used 5104K [0x00000000d5e00000, 0x00000000d8880000, 0x0000000100000000)
  eden space 33280K, 0% used [0x00000000d5e00000,0x00000000d5e00000,0x00000000d7e80000)
  from space 5120K, 99% used [0x00000000d7e80000,0x00000000d837c020,0x00000000d8380000)
  to   space 5120K, 0% used [0x00000000d8380000,0x00000000d8380000,0x00000000d8880000)
 ParOldGen       total 87552K, used 3114K [0x0000000081a00000, 0x0000000086f80000, 0x00000000d5e00000)
  object space 87552K, 3% used [0x0000000081a00000,0x0000000081d0abd8,0x0000000086f80000)
 Metaspace       used 8866K, capacity 9059K, committed 9216K, reserved 1056768K
  class space    used 832K, capacity 908K, committed 1024K, reserved 1048576K
}
Event: 7.379 GC heap before
{Heap before GC invocations=2 (full 0):
 PSYoungGen      total 38400K, used 38384K [0x00000000d5e00000, 0x00000000d8880000, 0x0000000100000000)
  eden space 33280K, 100% used [0x00000000d5e00000,0x00000000d7e80000,0x00000000d7e80000)
  from space 5120K, 99% used [0x00000000d7e80000,0x00000000d837c020,0x00000000d8380000)
  to   space 5120K, 0% used [0x00000000d8380000,0x00000000d8380000,0x00000000d8880000)
 ParOldGen       total 87552K, used 58613K [0x0000000081a00000, 0x0000000086f80000, 0x00000000d5e00000)
  object space 87552K, 66% used [0x0000000081a00000,0x000000008533d520,0x0000000086f80000)
 Metaspace       used 10676K, capacity 10863K, committed 11008K, reserved 1058816K
  class space    used 910K, capacity 976K, committed 1024K, reserved 1048576K
Event: 7.387 GC heap after
Heap after GC invocations=2 (full 0):
 PSYoungGen      total 38400K, used 2130K [0x00000000d5e00000, 0x00000000d8880000, 0x0000000100000000)
  eden space 33280K, 0% used [0x00000000d5e00000,0x00000000d5e00000,0x00000000d7e80000)
  from space 5120K, 41% used [0x00000000d8380000,0x00000000d8594bb0,0x00000000d8880000)
  to   space 5120K, 0% used [0x00000000d7e80000,0x00000000d7e80000,0x00000000d8380000)
 ParOldGen       total 87552K, used 58621K [0x0000000081a00000, 0x0000000086f80000, 0x00000000d5e00000)
  object space 87552K, 66% used [0x0000000081a00000,0x000000008533f520,0x0000000086f80000)
 Metaspace       used 10676K, capacity 10863K, committed 11008K, reserved 1058816K
  class space    used 910K, capacity 976K, committed 1024K, reserved 1048576K
}
Event: 13.746 GC heap before
{Heap before GC invocations=3 (full 0):
 PSYoungGen      total 38400K, used 35410K [0x00000000d5e00000, 0x00000000d8880000, 0x0000000100000000)
  eden space 33280K, 100% used [0x00000000d5e00000,0x00000000d7e80000,0x00000000d7e80000)
  from space 5120K, 41% used [0x00000000d8380000,0x00000000d8594bb0,0x00000000d8880000)
  to   space 5120K, 0% used [0x00000000d7e80000,0x00000000d7e80000,0x00000000d8380000)
 ParOldGen       total 87552K, used 58621K [0x0000000081a00000, 0x0000000086f80000, 0x00000000d5e00000)
  object space 87552K, 66% used [0x0000000081a00000,0x000000008533f520,0x0000000086f80000)
 Metaspace       used 10765K, capacity 10991K, committed 11264K, reserved 1058816K
  class space    used 910K, capacity 976K, committed 1024K, reserved 1048576K
Event: 13.751 GC heap after
Heap after GC invocations=3 (full 0):
 PSYoungGen      total 38400K, used 1410K [0x00000000d5e00000, 0x00000000d8880000, 0x0000000100000000)
  eden space 33280K, 0% used [0x00000000d5e00000,0x00000000d5e00000,0x00000000d7e80000)
  from space 5120K, 27% used [0x00000000d7e80000,0x00000000d7fe0a98,0x00000000d8380000)
  to   space 5120K, 0% used [0x00000000d8380000,0x00000000d8380000,0x00000000d8880000)
 ParOldGen       total 87552K, used 58621K [0x0000000081a00000, 0x0000000086f80000, 0x00000000d5e00000)
  object space 87552K, 66% used [0x0000000081a00000,0x000000008533f520,0x0000000086f80000)
 Metaspace       used 10765K, capacity 10991K, committed 11264K, reserved 1058816K
  class space    used 910K, capacity 976K, committed 1024K, reserved 1048576K
}
Event: 19.986 GC heap before
{Heap before GC invocations=4 (full 0):
 PSYoungGen      total 38400K, used 34690K [0x00000000d5e00000, 0x00000000d8880000, 0x0000000100000000)
  eden space 33280K, 100% used [0x00000000d5e00000,0x00000000d7e80000,0x00000000d7e80000)
  from space 5120K, 27% used [0x00000000d7e80000,0x00000000d7fe0a98,0x00000000d8380000)
  to   space 5120K, 0% used [0x00000000d8380000,0x00000000d8380000,0x00000000d8880000)
 ParOldGen       total 87552K, used 58621K [0x0000000081a00000, 0x0000000086f80000, 0x00000000d5e00000)
  object space 87552K, 66% used [0x0000000081a00000,0x000000008533f520,0x0000000086f80000)
 Metaspace       used 10788K, capacity 10991K, committed 11264K, reserved 1058816K
  class space    used 910K, capacity 976K, committed 1024K, reserved 1048576K
Event: 19.991 GC heap after
Heap after GC invocations=4 (full 0):
 PSYoungGen      total 38400K, used 1328K [0x00000000d5e00000, 0x00000000d8880000, 0x0000000100000000)
  eden space 33280K, 0% used [0x00000000d5e00000,0x00000000d5e00000,0x00000000d7e80000)
  from space 5120K, 25% used [0x00000000d8380000,0x00000000d84cc030,0x00000000d8880000)
  to   space 5120K, 0% used [0x00000000d7e80000,0x00000000d7e80000,0x00000000d8380000)
 ParOldGen       total 87552K, used 58629K [0x0000000081a00000, 0x0000000086f80000, 0x00000000d5e00000)
  object space 87552K, 66% used [0x0000000081a00000,0x0000000085341520,0x0000000086f80000)
 Metaspace       used 10788K, capacity 10991K, committed 11264K, reserved 1058816K
  class space    used 910K, capacity 976K, committed 1024K, reserved 1048576K
}

Deoptimization events (0 events):
No events

Classes redefined (0 events):
No events

Internal exceptions (10 events):
Event: 11.321 Thread 0x0000000002444000 Exception <a 'java/lang/ArrayIndexOutOfBoundsException'> (0x00000000d73b6398) thrown at [C:\re\workspace\8-2-build-windows-amd64-cygwin\jdk8u181\11358\hotspot\src\share\vm\runtime\sharedRuntime.cpp, line 605]
Event: 11.321 Thread 0x0000000002444000 Exception <a 'java/lang/ArrayIndexOutOfBoundsException'> (0x00000000d73b74d0) thrown at [C:\re\workspace\8-2-build-windows-amd64-cygwin\jdk8u181\11358\hotspot\src\share\vm\runtime\sharedRuntime.cpp, line 605]
Event: 11.321 Thread 0x0000000002444000 Exception <a 'java/lang/ArrayIndexOutOfBoundsException'> (0x00000000d73b7708) thrown at [C:\re\workspace\8-2-build-windows-amd64-cygwin\jdk8u181\11358\hotspot\src\share\vm\runtime\sharedRuntime.cpp, line 605]
Event: 11.321 Thread 0x0000000002444000 Exception <a 'java/lang/ArrayIndexOutOfBoundsException'> (0x00000000d73b7940) thrown at [C:\re\workspace\8-2-build-windows-amd64-cygwin\jdk8u181\11358\hotspot\src\share\vm\runtime\sharedRuntime.cpp, line 605]
Event: 11.321 Thread 0x0000000002444000 Exception <a 'java/lang/ArrayIndexOutOfBoundsException'> (0x00000000d73b8a78) thrown at [C:\re\workspace\8-2-build-windows-amd64-cygwin\jdk8u181\11358\hotspot\src\share\vm\runtime\sharedRuntime.cpp, line 605]
Event: 11.321 Thread 0x0000000002444000 Exception <a 'java/lang/ArrayIndexOutOfBoundsException'> (0x00000000d73b8cb0) thrown at [C:\re\workspace\8-2-build-windows-amd64-cygwin\jdk8u181\11358\hotspot\src\share\vm\runtime\sharedRuntime.cpp, line 605]
Event: 11.321 Thread 0x0000000002444000 Exception <a 'java/lang/ArrayIndexOutOfBoundsException'> (0x00000000d73b8ee8) thrown at [C:\re\workspace\8-2-build-windows-amd64-cygwin\jdk8u181\11358\hotspot\src\share\vm\runtime\sharedRuntime.cpp, line 605]
Event: 11.321 Thread 0x0000000002444000 Exception <a 'java/lang/ArrayIndexOutOfBoundsException'> (0x00000000d73ba020) thrown at [C:\re\workspace\8-2-build-windows-amd64-cygwin\jdk8u181\11358\hotspot\src\share\vm\runtime\sharedRuntime.cpp, line 605]
Event: 11.321 Thread 0x0000000002444000 Exception <a 'java/lang/ArrayIndexOutOfBoundsException'> (0x00000000d73ba258) thrown at [C:\re\workspace\8-2-build-windows-amd64-cygwin\jdk8u181\11358\hotspot\src\share\vm\runtime\sharedRuntime.cpp, line 605]
Event: 11.321 Thread 0x0000000002444000 Exception <a 'java/lang/ArrayIndexOutOfBoundsException'> (0x00000000d73ba490) thrown at [C:\re\workspace\8-2-build-windows-amd64-cygwin\jdk8u181\11358\hotspot\src\share\vm\runtime\sharedRuntime.cpp, line 605]

Events (10 events):
Event: 13.752 Executing VM operation: RevokeBias
Event: 13.752 Executing VM operation: RevokeBias done
Event: 13.752 Executing VM operation: RevokeBias
Event: 13.752 Executing VM operation: RevokeBias done
Event: 13.752 Executing VM operation: RevokeBias
Event: 13.752 Executing VM operation: RevokeBias done
Event: 15.333 Thread 0x0000000002444000 DEOPT PACKING pc=0x00000000028ef7ea sp=0x00000000023eef50
Event: 15.333 Thread 0x0000000002444000 DEOPT UNPACKING pc=0x0000000002587490 sp=0x00000000023eed18 mode 0
Event: 19.986 Executing VM operation: ParallelGCFailedAllocation
Event: 19.992 Executing VM operation: ParallelGCFailedAllocation done


Dynamic libraries:
0x00007ff64faa0000 - 0x00007ff64fad7000 	C:\Program Files\Java\jre1.8.0_181\bin\javaw.exe
0x00007ffd15760000 - 0x00007ffd15950000 	C:\WINDOWS\SYSTEM32\ntdll.dll
0x00007ffd14520000 - 0x00007ffd145d2000 	C:\WINDOWS\System32\KERNEL32.DLL
0x00007ffd127b0000 - 0x00007ffd12a53000 	C:\WINDOWS\System32\KERNELBASE.dll
0x00007ffd14fa0000 - 0x00007ffd15043000 	C:\WINDOWS\System32\ADVAPI32.dll
0x00007ffd14d50000 - 0x00007ffd14dee000 	C:\WINDOWS\System32\msvcrt.dll
0x00007ffd14600000 - 0x00007ffd14697000 	C:\WINDOWS\System32\sechost.dll
0x00007ffd13870000 - 0x00007ffd13990000 	C:\WINDOWS\System32\RPCRT4.dll
0x00007ffd14df0000 - 0x00007ffd14f83000 	C:\WINDOWS\System32\USER32.dll
0x00007ffd12c00000 - 0x00007ffd12c21000 	C:\WINDOWS\System32\win32u.dll
0x00007ffd15670000 - 0x00007ffd15696000 	C:\WINDOWS\System32\GDI32.dll
0x00007ffd12a60000 - 0x00007ffd12bf4000 	C:\WINDOWS\System32\gdi32full.dll
0x00007ffd12c30000 - 0x00007ffd12cce000 	C:\WINDOWS\System32\msvcp_win.dll
0x00007ffd12cd0000 - 0x00007ffd12dca000 	C:\WINDOWS\System32\ucrtbase.dll
0x00007ffd0be30000 - 0x00007ffd0c0b5000 	C:\WINDOWS\WinSxS\amd64_microsoft.windows.common-controls_6595b64144ccf1df_6.0.18362.388_none_e6c6afa5130d5b6d\COMCTL32.dll
0x00007ffd141e0000 - 0x00007ffd14516000 	C:\WINDOWS\System32\combase.dll
0x00007ffd12f70000 - 0x00007ffd12ff0000 	C:\WINDOWS\System32\bcryptPrimitives.dll
0x00007ffd155e0000 - 0x00007ffd1560e000 	C:\WINDOWS\System32\IMM32.DLL
0x000000006b0d0000 - 0x000000006b1a2000 	C:\Program Files\Java\jre1.8.0_181\bin\msvcr100.dll
0x000000006b5e0000 - 0x000000006be82000 	C:\Program Files\Java\jre1.8.0_181\bin\server\jvm.dll
0x00007ffd14d40000 - 0x00007ffd14d48000 	C:\WINDOWS\System32\PSAPI.DLL
0x00007ffd10780000 - 0x00007ffd10789000 	C:\WINDOWS\SYSTEM32\WSOCK32.dll
0x00007ffd15120000 - 0x00007ffd1518f000 	C:\WINDOWS\System32\WS2_32.dll
0x00007ffd0ae30000 - 0x00007ffd0ae54000 	C:\WINDOWS\SYSTEM32\WINMM.dll
0x00007ffd0c1a0000 - 0x00007ffd0c1aa000 	C:\WINDOWS\SYSTEM32\VERSION.dll
0x00007ffd0ae00000 - 0x00007ffd0ae2d000 	C:\WINDOWS\SYSTEM32\WINMMBASE.dll
0x00007ffd130a0000 - 0x00007ffd130ea000 	C:\WINDOWS\System32\cfgmgr32.dll
0x000000006b4f0000 - 0x000000006b4ff000 	C:\Program Files\Java\jre1.8.0_181\bin\verify.dll
0x000000006b4c0000 - 0x000000006b4e9000 	C:\Program Files\Java\jre1.8.0_181\bin\java.dll
0x000000006b4a0000 - 0x000000006b4b6000 	C:\Program Files\Java\jre1.8.0_181\bin\zip.dll
0x00007ffd13a40000 - 0x00007ffd14125000 	C:\WINDOWS\System32\SHELL32.dll
0x00007ffd13990000 - 0x00007ffd13a39000 	C:\WINDOWS\System32\shcore.dll
0x00007ffd130f0000 - 0x00007ffd1386f000 	C:\WINDOWS\System32\windows.storage.dll
0x00007ffd12710000 - 0x00007ffd1272f000 	C:\WINDOWS\System32\profapi.dll
0x00007ffd126a0000 - 0x00007ffd126ea000 	C:\WINDOWS\System32\powrprof.dll
0x00007ffd12690000 - 0x00007ffd126a0000 	C:\WINDOWS\System32\UMPDC.dll
0x00007ffd15610000 - 0x00007ffd15662000 	C:\WINDOWS\System32\shlwapi.dll
0x00007ffd12730000 - 0x00007ffd12741000 	C:\WINDOWS\System32\kernel.appcore.dll
0x00007ffd12dd0000 - 0x00007ffd12de7000 	C:\WINDOWS\System32\cryptsp.dll
0x000000006b480000 - 0x000000006b49a000 	C:\Program Files\Java\jre1.8.0_181\bin\net.dll
0x00007ffd11ea0000 - 0x00007ffd11f07000 	C:\WINDOWS\system32\mswsock.dll
0x000000006b460000 - 0x000000006b471000 	C:\Program Files\Java\jre1.8.0_181\bin\nio.dll
0x00007ffcea190000 - 0x00007ffcea1f4000 	C:\Users\Owner\AppData\Local\Temp\lwjglOwner\3.2.3-build-13\lwjgl.dll
0x00007ffce94b0000 - 0x00007ffce9512000 	C:\Users\Owner\AppData\Local\Temp\lwjglOwner\3.2.3-build-13\glfw.dll
0x00007ffd10970000 - 0x00007ffd10a09000 	C:\WINDOWS\system32\uxtheme.dll
0x00007ffcf1560000 - 0x00007ffcf15a3000 	C:\WINDOWS\SYSTEM32\dinput8.dll
0x00007ffd0a8e0000 - 0x00007ffd0a8f1000 	C:\WINDOWS\SYSTEM32\xinput1_4.dll
0x00007ffd12430000 - 0x00007ffd1245a000 	C:\WINDOWS\SYSTEM32\DEVOBJ.dll
0x00007ffd10d60000 - 0x00007ffd10d8d000 	C:\WINDOWS\SYSTEM32\dwmapi.dll
0x00007ffd09b40000 - 0x00007ffd09c5a000 	C:\WINDOWS\SYSTEM32\inputhost.dll
0x00007ffd10050000 - 0x00007ffd10124000 	C:\WINDOWS\SYSTEM32\CoreMessaging.dll
0x00007ffd09c60000 - 0x00007ffd09f8a000 	C:\WINDOWS\SYSTEM32\CoreUIComponents.dll
0x00007ffd0db60000 - 0x00007ffd0dc4f000 	C:\WINDOWS\SYSTEM32\PROPSYS.dll
0x00007ffd15050000 - 0x00007ffd15114000 	C:\WINDOWS\System32\OLEAUT32.dll
0x00007ffd0f8b0000 - 0x00007ffd0fa03000 	C:\WINDOWS\SYSTEM32\wintypes.dll
0x00007ffd116f0000 - 0x00007ffd11721000 	C:\WINDOWS\SYSTEM32\ntmarta.dll
0x00007ffd15260000 - 0x00007ffd15396000 	C:\WINDOWS\System32\MSCTF.dll
0x00007ffd112a0000 - 0x00007ffd112ae000 	C:\WINDOWS\SYSTEM32\HID.DLL
0x00007ffd14850000 - 0x00007ffd14cc0000 	C:\WINDOWS\System32\SETUPAPI.DLL
0x00007ffd12f40000 - 0x00007ffd12f66000 	C:\WINDOWS\System32\bcrypt.dll
0x00007ffd12750000 - 0x00007ffd127ac000 	C:\WINDOWS\System32\WINTRUST.dll
0x00007ffd126f0000 - 0x00007ffd12702000 	C:\WINDOWS\System32\MSASN1.dll
0x00007ffd12df0000 - 0x00007ffd12f39000 	C:\WINDOWS\System32\CRYPT32.dll
0x00007ffce4a20000 - 0x00007ffce4c73000 	C:\Users\Owner\AppData\Local\Temp\lwjglOwner\3.2.3-build-13\jemalloc.dll
0x00007ffd07850000 - 0x00007ffd079a6000 	C:\WINDOWS\SYSTEM32\opengl32.dll
0x00007ffd0add0000 - 0x00007ffd0adfc000 	C:\WINDOWS\SYSTEM32\GLU32.dll
0x00007ffd11300000 - 0x00007ffd11320000 	C:\WINDOWS\SYSTEM32\dxcore.dll
0x00007ffcd5540000 - 0x00007ffcd5d71000 	C:\WINDOWS\SYSTEM32\ig7icd64.dll
0x00007ffd02ba0000 - 0x00007ffd03005000 	C:\WINDOWS\SYSTEM32\igdusc64.dll
0x00007ffd0ea90000 - 0x00007ffd0eaa3000 	C:\WINDOWS\SYSTEM32\WTSAPI32.dll
0x00007ffd11320000 - 0x00007ffd1140b000 	C:\WINDOWS\SYSTEM32\dxgi.dll
0x00007ffd0e770000 - 0x00007ffd0e9cb000 	C:\WINDOWS\SYSTEM32\d3d11.dll
0x00007ffceb960000 - 0x00007ffceb9b9000 	C:\Users\Owner\AppData\Local\Temp\lwjglOwner\3.2.3-build-13\lwjgl_opengl.dll
0x00007ffd09f90000 - 0x00007ffd0a02e000 	C:\WINDOWS\System32\TextInputFramework.dll
0x00007ffd07590000 - 0x00007ffd07836000 	C:\WINDOWS\System32\iertutil.dll
0x00007ffce8b70000 - 0x00007ffce8bf7000 	C:\Users\Owner\AppData\Local\Temp\lwjglOwner\3.2.3-build-13\lwjgl_nanovg.dll
0x00007ffce59d0000 - 0x00007ffce5a47000 	C:\Users\Owner\AppData\Local\Temp\lwjglOwner\3.2.3-build-13\lwjgl_stb.dll
0x00007ffd0d490000 - 0x00007ffd0d684000 	C:\WINDOWS\SYSTEM32\dbghelp.dll

VM Arguments:
jvm_args: -Dfile.encoding=UTF-8 
java_command: com.fuller.DungeonTrip.App -debug
java_class_path (initial): C:\Users\Owner\Desktop\CCGames\DungeonTrip\DungeonTrip\target\classes;C:\Users\Owner\Desktop\CCGames\DungeonTrip\DungeonTrip\libs\commons-io-2.6-tests.jar;C:\Users\Owner\Desktop\CCGames\DungeonTrip\DungeonTrip\libs\commons-io-2.6.jar;C:\Users\Owner\.m2\repository\org\lwjgl\lwjgl\3.2.3\lwjgl-3.2.3.jar;C:\Users\Owner\.m2\repository\org\lwjgl\lwjgl-assimp\3.2.3\lwjgl-assimp-3.2.3.jar;C:\Users\Owner\.m2\repository\org\lwjgl\lwjgl-bgfx\3.2.3\lwjgl-bgfx-3.2.3.jar;C:\Users\Owner\.m2\repository\org\lwjgl\lwjgl-cuda\3.2.3\lwjgl-cuda-3.2.3.jar;C:\Users\Owner\.m2\repository\org\lwjgl\lwjgl-egl\3.2.3\lwjgl-egl-3.2.3.jar;C:\Users\Owner\.m2\repository\org\lwjgl\lwjgl-glfw\3.2.3\lwjgl-glfw-3.2.3.jar;C:\Users\Owner\.m2\repository\org\lwjgl\lwjgl-jawt\3.2.3\lwjgl-jawt-3.2.3.jar;C:\Users\Owner\.m2\repository\org\lwjgl\lwjgl-jemalloc\3.2.3\lwjgl-jemalloc-3.2.3.jar;C:\Users\Owner\.m2\repository\org\lwjgl\lwjgl-libdivide\3.2.3\lwjgl-libdivide-3.2.3.jar;C:\Users\Owner\.m2\repository\org\lwjgl\lwjgl-llvm\3.2.3\lwjgl-llvm-3.2.3.jar;C:\Users\Owner\.m2\repository\org\lwjgl\lwjgl-lmdb\3.2.3\lwjgl-lmdb-3.2.3.jar;C:\Users\Owner\.m2\repository\org\lwjgl\lwjgl-lz4\3.2.3\lwjgl-lz4-3.2.3.jar;C:\Users\Owner\.m2\repository\org\lwjgl\lwjgl-meow\3.2.3\lwjgl-meow-3.2.3.jar;C:\Users\Owner\.m2\repository\org\lwjgl\lwjgl-nanovg\3.2.3\lwjgl-nanovg-3.2.3.jar;C:\Users\Owner\.m2\repository\org\lwjgl\lwjgl-nfd\3.2.3\lwjgl-nfd-3.2.3.jar;C:\Users\Owner\.m2\repository\org\lwjgl\lwjgl-nuklear\3.2.3\lwjgl-nuklear-3.2.3.jar;C:\Users\Owner\.m2\repository\org\lwjgl\lwjgl-odbc\3.2.3\lwjgl-odbc-3.2.3.jar;C:\Users\Owner\.m2\repository\org\lwjgl\lwjgl-openal\3.2.3\lwjgl-openal-3.2.3.jar;C:\Users\Owner\.m2\repository\org\lwjgl\lwjgl-opencl\3.2.3\lwjgl-opencl-3.2.3.jar;C:\Users\Owner\.m2\repository\org\lwjgl\lwjgl-opengl\3.2.3\lwjgl-opengl-3.2.3.jar;C:\Users\Owner\.m2\repository\org\lwjgl\lwjgl-opengles\3.2.3\lwjgl-opengles-3.2.3.jar;C:\Users\Owner\.m2\repository\org\lwjgl\lwjgl-openvr\3.2.3\lwjg
Launcher Type: SUN_STANDARD

Environment Variables:
PATH=C:/Program Files/Java/jre1.8.0_181/bin/server;C:/Program Files/Java/jre1.8.0_181/bin;C:/Program Files/Java/jre1.8.0_181/lib/amd64;C:\Program Files (x86)\Common Files\Oracle\Java\javapath;C:\Program Files\Python36\Scripts\;C:\Program Files\Python36\;C:\Program Files (x86)\Python36-32\Scripts\;C:\Program Files (x86)\Python36-32\;C:\ProgramData\Oracle\Java\javapath;C:\Windows\system32;C:\Windows;C:\Windows\System32\Wbem;C:\Windows\System32\WindowsPowerShell\v1.0\;C:\Program Files (x86)\NVIDIA Corporation\PhysX\Common;C:\WINDOWS\system32;C:\WINDOWS;C:\WINDOWS\System32\Wbem;C:\WINDOWS\System32\WindowsPowerShell\v1.0\;C:\WINDOWS\System32\OpenSSH\;;C:\Program Files\Process Lasso\;C:\Program Files\gmosh\bin;C:\ProgramData\Oracle\Java\javapath;C:\Windows\system32;C:\Windows;C:\Windows\System32\Wbem;C:\Windows\System32\WindowsPowerShell\v1.0\;C:\Program Files (x86)\Skype\Phone\;C:\Program Files (x86)\NVIDIA Corporation\PhysX\Common;C:\Program Files\Java\jdk1.8.0_101\bin;%USERPROFILE%\AppData\Local\Microsoft\WindowsApps;;C:\Users\Owner\Desktop;
USERNAME=Owner
OS=Windows_NT
PROCESSOR_IDENTIFIER=Intel64 Family 6 Model 55 Stepping 8, GenuineIntel



---------------  S Y S T E M  ---------------

OS: Windows 10.0 , 64 bit Build 18362 (10.0.18362.329)

CPU:total 2 (initial active 2) (2 cores per cpu, 1 threads per core) family 6 model 55 stepping 8, cmov, cx8, fxsr, mmx, sse, sse2, sse3, ssse3, sse4.1, sse4.2, popcnt, clmul, erms, 3dnowpref, tsc, tscinvbit

Memory: 4k page, physical 8280432k(4053300k free), swap 16669040k(11122760k free)

vm_info: Java HotSpot(TM) 64-Bit Server VM (25.181-b13) for windows-amd64 JRE (1.8.0_181-b13), built on Jul  7 2018 04:01:33 by "java_re" with MS VC++ 10.0 (VS2010)

time: Wed Oct 09 21:12:49 2019
elapsed time: 26 seconds (0d 0h 0m 26s)

