#
# A fatal error has been detected by the Java Runtime Environment:
#
#  EXCEPTION_ACCESS_VIOLATION (0xc0000005) at pc=0x00007ffce8fd810e, pid=6036, tid=0x00000000000026d8
#
# JRE version: Java(TM) SE Runtime Environment (8.0_181-b13) (build 1.8.0_181-b13)
# Java VM: Java HotSpot(TM) 64-Bit Server VM (25.181-b13 mixed mode windows-amd64 compressed oops)
# Problematic frame:
# C  [lwjgl_stb.dll+0x810e]
#
# Failed to write core dump. Minidumps are not enabled by default on client versions of Windows
#
# If you would like to submit a bug report, please visit:
#   http://bugreport.java.com/bugreport/crash.jsp
# The crash happened outside the Java Virtual Machine in native code.
# See problematic frame for where to report the bug.
#

---------------  T H R E A D  ---------------

Current thread (0x0000000002474000):  JavaThread "main" [_thread_in_native, id=9944, stack(0x0000000002310000,0x0000000002410000)]

siginfo: ExceptionCode=0xc0000005, reading address 0x0000000000000000

Registers:
RAX=0x0000000000000000, RBX=0x000000000240ebc0, RCX=0x000000001a6505c0, RDX=0x00000000bfebfbff
RSP=0x000000000240ea40, RBP=0x0000000000000004, RSI=0x0000000000000000, RDI=0x000000001a6505c0
R8 =0x000000001a6505c0, R9 =0xc4ceb9fe1a85ec53, R10=0xff51afd7ed558ccd, R11=0x000000000240e8b0
R12=0x00000000186ab0a0, R13=0x00000000186ab0a0, R14=0x00000000186aaff0, R15=0x00000000186ab1e0
RIP=0x00007ffce8fd810e, EFLAGS=0x0000000000010297

Top of Stack: (sp=0x000000000240ea40)
0x000000000240ea40:   fffffffe00004800 00000000ffffffff
0x000000000240ea50:   0000000000000000 000000000240ebc0
0x000000000240ea60:   000000001a6505c0 00007ffce8fd442b
0x000000000240ea70:   000000000240ebc0 000000001a6505c0
0x000000000240ea80:   0000000000000000 0000000000000000
0x000000000240ea90:   0000000000000000 0000000000000000
0x000000000240eaa0:   000000000240ea50 00000000026a12a0
0x000000000240eab0:   0000000000000000 00000000026a12d6
0x000000000240eac0:   00000000026a16a0 0000000000000000
0x000000000240ead0:   0000000000000000 0000000000000000
0x000000000240eae0:   00000000186aaff0 0000000000000004
0x000000000240eaf0:   00000000186ab0a0 00000000186ab1e0
0x000000000240eb00:   0000000000000000 00007ffce8fd4a9c
0x000000000240eb10:   0000000000000000 000000001c98d3b8
0x000000000240eb20:   000000000240ed68 00000000186aaff0
0x000000000240eb30:   0000000000000004 000000000240eb50 

Instructions: (pc=0x00007ffce8fd810e)
0x00007ffce8fd80ee:   00 00 48 3b 83 c0 00 00 00 72 15 83 7b 30 00 74
0x00007ffce8fd80fe:   79 48 8b cb e8 19 ce ff ff 48 8b 83 b8 00 00 00
0x00007ffce8fd810e:   0f b6 08 48 ff c0 48 89 83 b8 00 00 00 80 f9 ff
0x00007ffce8fd811e:   75 58 48 8b 1f 48 8b 83 b8 00 00 00 48 3b 83 c0 


Register to memory mapping:

RAX=0x0000000000000000 is an unknown value
RBX=0x000000000240ebc0 is pointing into the stack for thread: 0x0000000002474000
RCX=0x000000001a6505c0 is an unknown value
RDX=0x00000000bfebfbff is an unallocated location in the heap
RSP=0x000000000240ea40 is pointing into the stack for thread: 0x0000000002474000
RBP=0x0000000000000004 is an unknown value
RSI=0x0000000000000000 is an unknown value
RDI=0x000000001a6505c0 is an unknown value
R8 =0x000000001a6505c0 is an unknown value
R9 =0xc4ceb9fe1a85ec53 is an unknown value
R10=0xff51afd7ed558ccd is an unknown value
R11=0x000000000240e8b0 is pointing into the stack for thread: 0x0000000002474000
R12=0x00000000186ab0a0 is an unknown value
R13=0x00000000186ab0a0 is an unknown value
R14=0x00000000186aaff0 is an unknown value
R15=0x00000000186ab1e0 is an unknown value


Stack: [0x0000000002310000,0x0000000002410000],  sp=0x000000000240ea40,  free space=1018k
Native frames: (J=compiled Java code, j=interpreted, Vv=VM code, C=native code)
C  [lwjgl_stb.dll+0x810e]
C  [lwjgl_stb.dll+0x442b]
C  [lwjgl_stb.dll+0x4a9c]
C  [lwjgl_stb.dll+0x154e8]
C  0x00000000026586c7

Java frames: (J=compiled Java code, j=interpreted, Vv=VM code)
j  org.lwjgl.stb.STBImage.nstbi_load_from_memory(JIJJJI)J+0
j  org.lwjgl.stb.STBImage.stbi_load_from_memory(Ljava/nio/ByteBuffer;Ljava/nio/IntBuffer;Ljava/nio/IntBuffer;Ljava/nio/IntBuffer;I)Ljava/nio/ByteBuffer;+43
j  com.fuller.DungeonTrip.utils.RUtils.loadImage(Ljava/lang/String;Ljava/nio/IntBuffer;Ljava/nio/IntBuffer;Ljava/nio/IntBuffer;)Ljava/nio/ByteBuffer;+56
j  com.fuller.DungeonTrip.render.Texture.<init>(Ljava/lang/String;)V+52
j  com.fuller.DungeonTrip.world.TileRenderer.<init>()V+86
j  com.fuller.DungeonTrip.world.TileRenderer.createRender()V+18
j  com.fuller.DungeonTrip.render.RenderMaster.init()V+80
j  com.fuller.DungeonTrip.GameLoop.init()V+17
j  com.fuller.DungeonTrip.GameLoop.run(Lcom/fuller/DungeonTrip/Window;)V+25
j  com.fuller.DungeonTrip.App.main([Ljava/lang/String;)V+175
v  ~StubRoutines::call_stub

---------------  P R O C E S S  ---------------

Java Threads: ( => current thread )
  0x0000000016fb4000 JavaThread "Service Thread" daemon [_thread_blocked, id=8500, stack(0x0000000018170000,0x0000000018270000)]
  0x0000000016f91000 JavaThread "C1 CompilerThread1" daemon [_thread_blocked, id=972, stack(0x0000000018070000,0x0000000018170000)]
  0x0000000016f3d800 JavaThread "C2 CompilerThread0" daemon [_thread_blocked, id=5100, stack(0x0000000017f70000,0x0000000018070000)]
  0x0000000016f3c000 JavaThread "Attach Listener" daemon [_thread_blocked, id=9056, stack(0x0000000017e70000,0x0000000017f70000)]
  0x0000000016f38800 JavaThread "Signal Dispatcher" daemon [_thread_blocked, id=3396, stack(0x0000000017d70000,0x0000000017e70000)]
  0x0000000016f28800 JavaThread "Finalizer" daemon [_thread_blocked, id=7012, stack(0x0000000017b70000,0x0000000017c70000)]
  0x0000000002562000 JavaThread "Reference Handler" daemon [_thread_blocked, id=2816, stack(0x0000000017a70000,0x0000000017b70000)]
=>0x0000000002474000 JavaThread "main" [_thread_in_native, id=9944, stack(0x0000000002310000,0x0000000002410000)]

Other Threads:
  0x0000000016f06000 VMThread [stack: 0x0000000017970000,0x0000000017a70000] [id=9424]
  0x0000000016fbf800 WatcherThread [stack: 0x0000000018270000,0x0000000018370000] [id=7868]

VM state:not at safepoint (normal execution)

VM Mutex/Monitor currently owned by a thread: None

Heap:
 PSYoungGen      total 38400K, used 17226K [0x00000000d5e00000, 0x00000000d8880000, 0x0000000100000000)
  eden space 33280K, 51% used [0x00000000d5e00000,0x00000000d6ed2be8,0x00000000d7e80000)
  from space 5120K, 0% used [0x00000000d8380000,0x00000000d8380000,0x00000000d8880000)
  to   space 5120K, 0% used [0x00000000d7e80000,0x00000000d7e80000,0x00000000d8380000)
 ParOldGen       total 87552K, used 0K [0x0000000081a00000, 0x0000000086f80000, 0x00000000d5e00000)
  object space 87552K, 0% used [0x0000000081a00000,0x0000000081a00000,0x0000000086f80000)
 Metaspace       used 9273K, capacity 9499K, committed 9728K, reserved 1058816K
  class space    used 823K, capacity 909K, committed 1024K, reserved 1048576K

Card table byte_map: [0x0000000011a00000,0x0000000011e00000] byte_map_base: 0x00000000115f3000

Marking Bits: (ParMarkBitMap*) 0x000000006be02d00
 Begin Bits: [0x00000000122b0000, 0x0000000014248000)
 End Bits:   [0x0000000014248000, 0x00000000161e0000)

Polling page: 0x00000000003e0000

CodeCache: size=245760Kb used=3106Kb max_used=3124Kb free=242653Kb
 bounds [0x0000000002640000, 0x0000000002950000, 0x0000000011640000]
 total_blobs=1646 nmethods=735 adapters=825
 compilation: enabled

Compilation events (10 events):
Event: 3.389 Thread 0x0000000016f91000  731       3       java.lang.invoke.MethodType::erase (8 bytes)
Event: 3.390 Thread 0x0000000016f91000 nmethod 731 0x0000000002943450 code [0x00000000029435a0, 0x0000000002943790]
Event: 3.392 Thread 0x0000000016f91000  732       3       java.util.Arrays::copyOfRange (11 bytes)
Event: 3.393 Thread 0x0000000016f91000 nmethod 732 0x0000000002943850 code [0x00000000029439c0, 0x0000000002943bc8]
Event: 3.394 Thread 0x0000000016f91000  733       3       java.io.File::<init> (113 bytes)
Event: 3.396 Thread 0x0000000016f91000 nmethod 733 0x0000000002943c90 code [0x0000000002943f00, 0x0000000002944c28]
Event: 3.413 Thread 0x0000000016f91000  734       3       java.lang.Character::digit (10 bytes)
Event: 3.413 Thread 0x0000000016f91000 nmethod 734 0x0000000002945250 code [0x00000000029453c0, 0x00000000029455f8]
Event: 3.413 Thread 0x0000000016f91000  735       3       java.lang.CharacterDataLatin1::digit (91 bytes)
Event: 3.414 Thread 0x0000000016f91000 nmethod 735 0x00000000029456d0 code [0x0000000002945840, 0x0000000002945bd0]

GC Heap History (0 events):
No events

Deoptimization events (1 events):
Event: 1.633 Thread 0x0000000002474000 Uncommon trap: reason=unstable_if action=reinterpret pc=0x000000000280b5f4 method=java.lang.String.indexOf([CII[CIII)I @ 3

Classes redefined (0 events):
No events

Internal exceptions (10 events):
Event: 0.111 Thread 0x0000000002474000 Exception <a 'java/lang/NoSuchMethodError': Method sun.misc.Unsafe.prefetchRead(Ljava/lang/Object;J)V name or signature does not match> (0x00000000d5e07f98) thrown at [C:\re\workspace\8-2-build-windows-amd64-cygwin\jdk8u181\11358\hotspot\src\share\vm\prim
Event: 0.640 Thread 0x0000000002474000 Exception <a 'java/security/PrivilegedActionException'> (0x00000000d5fa59b8) thrown at [C:\re\workspace\8-2-build-windows-amd64-cygwin\jdk8u181\11358\hotspot\src\share\vm\prims\jvm.cpp, line 1435]
Event: 0.640 Thread 0x0000000002474000 Exception <a 'java/security/PrivilegedActionException'> (0x00000000d5fa5db0) thrown at [C:\re\workspace\8-2-build-windows-amd64-cygwin\jdk8u181\11358\hotspot\src\share\vm\prims\jvm.cpp, line 1435]
Event: 0.648 Thread 0x0000000002474000 Exception <a 'java/security/PrivilegedActionException'> (0x00000000d5fa9c08) thrown at [C:\re\workspace\8-2-build-windows-amd64-cygwin\jdk8u181\11358\hotspot\src\share\vm\prims\jvm.cpp, line 1435]
Event: 0.648 Thread 0x0000000002474000 Exception <a 'java/security/PrivilegedActionException'> (0x00000000d5faa000) thrown at [C:\re\workspace\8-2-build-windows-amd64-cygwin\jdk8u181\11358\hotspot\src\share\vm\prims\jvm.cpp, line 1435]
Event: 0.983 Thread 0x0000000002474000 Exception <a 'java/lang/NoSuchMethodError': java.lang.Object.lambda$static$0(Ljava/lang/String;)Ljava/lang/Boolean;> (0x00000000d60c64f8) thrown at [C:\re\workspace\8-2-build-windows-amd64-cygwin\jdk8u181\11358\hotspot\src\share\vm\interpreter\linkResolve
Event: 1.049 Thread 0x0000000002474000 Exception <a 'java/lang/NoSuchFieldError': method resolution failed> (0x00000000d613e278) thrown at [C:\re\workspace\8-2-build-windows-amd64-cygwin\jdk8u181\11358\hotspot\src\share\vm\prims\methodHandles.cpp, line 1167]
Event: 1.062 Thread 0x0000000002474000 Exception <a 'java/lang/NoSuchFieldError': method resolution failed> (0x00000000d614b6a0) thrown at [C:\re\workspace\8-2-build-windows-amd64-cygwin\jdk8u181\11358\hotspot\src\share\vm\prims\methodHandles.cpp, line 1167]
Event: 2.406 Thread 0x0000000002474000 Exception <a 'sun/nio/fs/WindowsException'> (0x00000000d670a610) thrown at [C:\re\workspace\8-2-build-windows-amd64-cygwin\jdk8u181\11358\hotspot\src\share\vm\prims\jni.cpp, line 709]
Event: 2.407 Thread 0x0000000002474000 Exception <a 'sun/nio/fs/WindowsException'> (0x00000000d670adf8) thrown at [C:\re\workspace\8-2-build-windows-amd64-cygwin\jdk8u181\11358\hotspot\src\share\vm\prims\jni.cpp, line 709]

Events (10 events):
Event: 3.375 loading class java/io/PrintWriter
Event: 3.375 loading class java/io/PrintWriter done
Event: 3.376 loading class org/apache/commons/io/input/ClosedInputStream
Event: 3.376 loading class org/apache/commons/io/input/ClosedInputStream done
Event: 3.377 loading class java/io/SequenceInputStream
Event: 3.377 loading class java/io/SequenceInputStream done
Event: 3.378 loading class org/lwjgl/stb/STBImage
Event: 3.378 loading class org/lwjgl/stb/STBImage done
Event: 3.384 loading class org/lwjgl/stb/LibSTB
Event: 3.384 loading class org/lwjgl/stb/LibSTB done


Dynamic libraries:
0x00007ff64faa0000 - 0x00007ff64fad7000 	C:\Program Files\Java\jre1.8.0_181\bin\javaw.exe
0x00007ffd15760000 - 0x00007ffd15950000 	C:\WINDOWS\SYSTEM32\ntdll.dll
0x00007ffd14520000 - 0x00007ffd145d2000 	C:\WINDOWS\System32\KERNEL32.DLL
0x00007ffd127b0000 - 0x00007ffd12a53000 	C:\WINDOWS\System32\KERNELBASE.dll
0x00007ffd14fa0000 - 0x00007ffd15043000 	C:\WINDOWS\System32\ADVAPI32.dll
0x00007ffd14d50000 - 0x00007ffd14dee000 	C:\WINDOWS\System32\msvcrt.dll
0x00007ffd14600000 - 0x00007ffd14697000 	C:\WINDOWS\System32\sechost.dll
0x00007ffd13870000 - 0x00007ffd13990000 	C:\WINDOWS\System32\RPCRT4.dll
0x00007ffd14df0000 - 0x00007ffd14f83000 	C:\WINDOWS\System32\USER32.dll
0x00007ffd12c00000 - 0x00007ffd12c21000 	C:\WINDOWS\System32\win32u.dll
0x00007ffd15670000 - 0x00007ffd15696000 	C:\WINDOWS\System32\GDI32.dll
0x00007ffd12a60000 - 0x00007ffd12bf4000 	C:\WINDOWS\System32\gdi32full.dll
0x00007ffd12c30000 - 0x00007ffd12cce000 	C:\WINDOWS\System32\msvcp_win.dll
0x00007ffd12cd0000 - 0x00007ffd12dca000 	C:\WINDOWS\System32\ucrtbase.dll
0x00007ffd0be30000 - 0x00007ffd0c0b5000 	C:\WINDOWS\WinSxS\amd64_microsoft.windows.common-controls_6595b64144ccf1df_6.0.18362.388_none_e6c6afa5130d5b6d\COMCTL32.dll
0x00007ffd141e0000 - 0x00007ffd14516000 	C:\WINDOWS\System32\combase.dll
0x00007ffd12f70000 - 0x00007ffd12ff0000 	C:\WINDOWS\System32\bcryptPrimitives.dll
0x00007ffd155e0000 - 0x00007ffd1560e000 	C:\WINDOWS\System32\IMM32.DLL
0x000000006b0d0000 - 0x000000006b1a2000 	C:\Program Files\Java\jre1.8.0_181\bin\msvcr100.dll
0x000000006b5e0000 - 0x000000006be82000 	C:\Program Files\Java\jre1.8.0_181\bin\server\jvm.dll
0x00007ffd14d40000 - 0x00007ffd14d48000 	C:\WINDOWS\System32\PSAPI.DLL
0x00007ffd10190000 - 0x00007ffd10199000 	C:\WINDOWS\SYSTEM32\WSOCK32.dll
0x00007ffd15120000 - 0x00007ffd1518f000 	C:\WINDOWS\System32\WS2_32.dll
0x00007ffd0ae30000 - 0x00007ffd0ae54000 	C:\WINDOWS\SYSTEM32\WINMM.dll
0x00007ffd0c1a0000 - 0x00007ffd0c1aa000 	C:\WINDOWS\SYSTEM32\VERSION.dll
0x00007ffd0ae00000 - 0x00007ffd0ae2d000 	C:\WINDOWS\SYSTEM32\WINMMBASE.dll
0x00007ffd130a0000 - 0x00007ffd130ea000 	C:\WINDOWS\System32\cfgmgr32.dll
0x000000006b4f0000 - 0x000000006b4ff000 	C:\Program Files\Java\jre1.8.0_181\bin\verify.dll
0x000000006b4c0000 - 0x000000006b4e9000 	C:\Program Files\Java\jre1.8.0_181\bin\java.dll
0x000000006b4a0000 - 0x000000006b4b6000 	C:\Program Files\Java\jre1.8.0_181\bin\zip.dll
0x00007ffd13a40000 - 0x00007ffd14125000 	C:\WINDOWS\System32\SHELL32.dll
0x00007ffd13990000 - 0x00007ffd13a39000 	C:\WINDOWS\System32\shcore.dll
0x00007ffd130f0000 - 0x00007ffd1386f000 	C:\WINDOWS\System32\windows.storage.dll
0x00007ffd12710000 - 0x00007ffd1272f000 	C:\WINDOWS\System32\profapi.dll
0x00007ffd126a0000 - 0x00007ffd126ea000 	C:\WINDOWS\System32\powrprof.dll
0x00007ffd12690000 - 0x00007ffd126a0000 	C:\WINDOWS\System32\UMPDC.dll
0x00007ffd15610000 - 0x00007ffd15662000 	C:\WINDOWS\System32\shlwapi.dll
0x00007ffd12730000 - 0x00007ffd12741000 	C:\WINDOWS\System32\kernel.appcore.dll
0x00007ffd12dd0000 - 0x00007ffd12de7000 	C:\WINDOWS\System32\cryptsp.dll
0x000000006b480000 - 0x000000006b49a000 	C:\Program Files\Java\jre1.8.0_181\bin\net.dll
0x00007ffd11ea0000 - 0x00007ffd11f07000 	C:\WINDOWS\system32\mswsock.dll
0x000000006b460000 - 0x000000006b471000 	C:\Program Files\Java\jre1.8.0_181\bin\nio.dll
0x00007ffd010b0000 - 0x00007ffd01122000 	C:\Users\Owner\AppData\Local\Temp\lwjglOwner\3.2.2-build-10\lwjgl.dll
0x00007ffcf7290000 - 0x00007ffcf72ee000 	C:\Users\Owner\AppData\Local\Temp\lwjglOwner\3.2.2-build-10\glfw.dll
0x00007ffd10970000 - 0x00007ffd10a09000 	C:\WINDOWS\system32\uxtheme.dll
0x00007ffcf56e0000 - 0x00007ffcf5723000 	C:\WINDOWS\SYSTEM32\dinput8.dll
0x00007ffd09280000 - 0x00007ffd09291000 	C:\WINDOWS\SYSTEM32\xinput1_4.dll
0x00007ffd12430000 - 0x00007ffd1245a000 	C:\WINDOWS\SYSTEM32\DEVOBJ.dll
0x00007ffd10d60000 - 0x00007ffd10d8d000 	C:\WINDOWS\SYSTEM32\dwmapi.dll
0x00007ffd09b40000 - 0x00007ffd09c5a000 	C:\WINDOWS\SYSTEM32\inputhost.dll
0x00007ffd10050000 - 0x00007ffd10124000 	C:\WINDOWS\SYSTEM32\CoreMessaging.dll
0x00007ffd09c60000 - 0x00007ffd09f8a000 	C:\WINDOWS\SYSTEM32\CoreUIComponents.dll
0x00007ffd0db60000 - 0x00007ffd0dc4f000 	C:\WINDOWS\SYSTEM32\PROPSYS.dll
0x00007ffd15050000 - 0x00007ffd15114000 	C:\WINDOWS\System32\OLEAUT32.dll
0x00007ffd0f8b0000 - 0x00007ffd0fa03000 	C:\WINDOWS\SYSTEM32\wintypes.dll
0x00007ffd116f0000 - 0x00007ffd11721000 	C:\WINDOWS\SYSTEM32\ntmarta.dll
0x00007ffd15260000 - 0x00007ffd15396000 	C:\WINDOWS\System32\MSCTF.dll
0x00007ffd112a0000 - 0x00007ffd112ae000 	C:\WINDOWS\SYSTEM32\HID.DLL
0x00007ffd14850000 - 0x00007ffd14cc0000 	C:\WINDOWS\System32\SETUPAPI.DLL
0x00007ffd12f40000 - 0x00007ffd12f66000 	C:\WINDOWS\System32\bcrypt.dll
0x00007ffd12750000 - 0x00007ffd127ac000 	C:\WINDOWS\System32\WINTRUST.dll
0x00007ffd126f0000 - 0x00007ffd12702000 	C:\WINDOWS\System32\MSASN1.dll
0x00007ffd12df0000 - 0x00007ffd12f39000 	C:\WINDOWS\System32\CRYPT32.dll
0x00007ffce7780000 - 0x00007ffce79d1000 	C:\Users\Owner\AppData\Local\Temp\lwjglOwner\3.2.2-build-10\jemalloc.dll
0x00007ffd01730000 - 0x00007ffd01886000 	C:\WINDOWS\SYSTEM32\opengl32.dll
0x00007ffd0add0000 - 0x00007ffd0adfc000 	C:\WINDOWS\SYSTEM32\GLU32.dll
0x00007ffd11300000 - 0x00007ffd11320000 	C:\WINDOWS\SYSTEM32\dxcore.dll
0x00007ffcd7dc0000 - 0x00007ffcd85f1000 	C:\WINDOWS\SYSTEM32\ig7icd64.dll
0x00007ffd02ba0000 - 0x00007ffd03005000 	C:\WINDOWS\SYSTEM32\igdusc64.dll
0x00007ffd0ea90000 - 0x00007ffd0eaa3000 	C:\WINDOWS\SYSTEM32\WTSAPI32.dll
0x00007ffd11320000 - 0x00007ffd1140b000 	C:\WINDOWS\SYSTEM32\dxgi.dll
0x00007ffd0e770000 - 0x00007ffd0e9cb000 	C:\WINDOWS\SYSTEM32\d3d11.dll
0x00007ffd031a0000 - 0x00007ffd03d42000 	C:\WINDOWS\SYSTEM32\igd10iumd64.dll
0x00007ffd15400000 - 0x00007ffd15556000 	C:\WINDOWS\System32\ole32.dll
0x00007ffd12170000 - 0x00007ffd12196000 	C:\WINDOWS\SYSTEM32\ncrypt.dll
0x00007ffd12130000 - 0x00007ffd1216b000 	C:\WINDOWS\SYSTEM32\NTASN1.dll
0x00007ffcf5680000 - 0x00007ffcf56d8000 	C:\Users\Owner\AppData\Local\Temp\lwjglOwner\3.2.2-build-10\lwjgl_opengl.dll
0x00007ffd09f90000 - 0x00007ffd0a02e000 	C:\WINDOWS\System32\TextInputFramework.dll
0x00007ffd07590000 - 0x00007ffd07836000 	C:\WINDOWS\System32\iertutil.dll
0x00007ffce8fd0000 - 0x00007ffce904f000 	C:\Users\Owner\AppData\Local\Temp\lwjglOwner\3.2.2-build-10\lwjgl_stb.dll
0x00007ffd0d490000 - 0x00007ffd0d684000 	C:\WINDOWS\SYSTEM32\dbghelp.dll

VM Arguments:
jvm_args: -Dfile.encoding=UTF-8 
java_command: com.fuller.DungeonTrip.App -debug
java_class_path (initial): C:\Users\Owner\Desktop\CCGames\DungeonTrip\DungeonTrip\target\classes;C:\Users\Owner\Desktop\CCGames\DungeonTrip\DungeonTrip\libs\commons-io-2.6-tests.jar;C:\Users\Owner\Desktop\CCGames\DungeonTrip\DungeonTrip\libs\commons-io-2.6.jar;C:\Users\Owner\.m2\repository\org\lwjgl\lwjgl\3.2.2\lwjgl-3.2.2.jar;C:\Users\Owner\.m2\repository\org\lwjgl\lwjgl-assimp\3.2.2\lwjgl-assimp-3.2.2.jar;C:\Users\Owner\.m2\repository\org\lwjgl\lwjgl-bgfx\3.2.2\lwjgl-bgfx-3.2.2.jar;C:\Users\Owner\.m2\repository\org\lwjgl\lwjgl-cuda\3.2.2\lwjgl-cuda-3.2.2.jar;C:\Users\Owner\.m2\repository\org\lwjgl\lwjgl-egl\3.2.2\lwjgl-egl-3.2.2.jar;C:\Users\Owner\.m2\repository\org\lwjgl\lwjgl-glfw\3.2.2\lwjgl-glfw-3.2.2.jar;C:\Users\Owner\.m2\repository\org\lwjgl\lwjgl-jawt\3.2.2\lwjgl-jawt-3.2.2.jar;C:\Users\Owner\.m2\repository\org\lwjgl\lwjgl-jemalloc\3.2.2\lwjgl-jemalloc-3.2.2.jar;C:\Users\Owner\.m2\repository\org\lwjgl\lwjgl-libdivide\3.2.2\lwjgl-libdivide-3.2.2.jar;C:\Users\Owner\.m2\repository\org\lwjgl\lwjgl-llvm\3.2.2\lwjgl-llvm-3.2.2.jar;C:\Users\Owner\.m2\repository\org\lwjgl\lwjgl-lmdb\3.2.2\lwjgl-lmdb-3.2.2.jar;C:\Users\Owner\.m2\repository\org\lwjgl\lwjgl-lz4\3.2.2\lwjgl-lz4-3.2.2.jar;C:\Users\Owner\.m2\repository\org\lwjgl\lwjgl-meow\3.2.2\lwjgl-meow-3.2.2.jar;C:\Users\Owner\.m2\repository\org\lwjgl\lwjgl-nanovg\3.2.2\lwjgl-nanovg-3.2.2.jar;C:\Users\Owner\.m2\repository\org\lwjgl\lwjgl-nfd\3.2.2\lwjgl-nfd-3.2.2.jar;C:\Users\Owner\.m2\repository\org\lwjgl\lwjgl-nuklear\3.2.2\lwjgl-nuklear-3.2.2.jar;C:\Users\Owner\.m2\repository\org\lwjgl\lwjgl-odbc\3.2.2\lwjgl-odbc-3.2.2.jar;C:\Users\Owner\.m2\repository\org\lwjgl\lwjgl-openal\3.2.2\lwjgl-openal-3.2.2.jar;C:\Users\Owner\.m2\repository\org\lwjgl\lwjgl-opencl\3.2.2\lwjgl-opencl-3.2.2.jar;C:\Users\Owner\.m2\repository\org\lwjgl\lwjgl-opengl\3.2.2\lwjgl-opengl-3.2.2.jar;C:\Users\Owner\.m2\repository\org\lwjgl\lwjgl-opengles\3.2.2\lwjgl-opengles-3.2.2.jar;C:\Users\Owner\.m2\repository\org\lwjgl\lwjgl-openvr\3.2.2\lwjg
Launcher Type: SUN_STANDARD

Environment Variables:
PATH=C:/Program Files/Java/jre1.8.0_181/bin/server;C:/Program Files/Java/jre1.8.0_181/bin;C:/Program Files/Java/jre1.8.0_181/lib/amd64;C:\Program Files (x86)\Common Files\Oracle\Java\javapath;C:\Program Files\Python36\Scripts\;C:\Program Files\Python36\;C:\Program Files (x86)\Python36-32\Scripts\;C:\Program Files (x86)\Python36-32\;C:\ProgramData\Oracle\Java\javapath;C:\Windows\system32;C:\Windows;C:\Windows\System32\Wbem;C:\Windows\System32\WindowsPowerShell\v1.0\;C:\Program Files (x86)\NVIDIA Corporation\PhysX\Common;C:\WINDOWS\system32;C:\WINDOWS;C:\WINDOWS\System32\Wbem;C:\WINDOWS\System32\WindowsPowerShell\v1.0\;C:\WINDOWS\System32\OpenSSH\;;C:\Program Files\Process Lasso\;C:\Program Files\gmosh\bin;C:\ProgramData\Oracle\Java\javapath;C:\Windows\system32;C:\Windows;C:\Windows\System32\Wbem;C:\Windows\System32\WindowsPowerShell\v1.0\;C:\Program Files (x86)\Skype\Phone\;C:\Program Files (x86)\NVIDIA Corporation\PhysX\Common;C:\Program Files\Java\jdk1.8.0_101\bin;%USERPROFILE%\AppData\Local\Microsoft\WindowsApps;;C:\Users\Owner\Desktop;
USERNAME=Owner
OS=Windows_NT
PROCESSOR_IDENTIFIER=Intel64 Family 6 Model 55 Stepping 8, GenuineIntel



---------------  S Y S T E M  ---------------

OS: Windows 10.0 , 64 bit Build 18362 (10.0.18362.329)

CPU:total 2 (initial active 2) (2 cores per cpu, 1 threads per core) family 6 model 55 stepping 8, cmov, cx8, fxsr, mmx, sse, sse2, sse3, ssse3, sse4.1, sse4.2, popcnt, clmul, erms, 3dnowpref, tsc, tscinvbit

Memory: 4k page, physical 8280432k(4266520k free), swap 16669040k(11974080k free)

vm_info: Java HotSpot(TM) 64-Bit Server VM (25.181-b13) for windows-amd64 JRE (1.8.0_181-b13), built on Jul  7 2018 04:01:33 by "java_re" with MS VC++ 10.0 (VS2010)

time: Tue Oct 08 19:34:58 2019
elapsed time: 3 seconds (0d 0h 0m 3s)

