#
# A fatal error has been detected by the Java Runtime Environment:
#
#  EXCEPTION_ACCESS_VIOLATION (0xc0000005) at pc=0x00007ffdc186e2d8, pid=8160, tid=0x000000000000026c
#
# JRE version: Java(TM) SE Runtime Environment (8.0_181-b13) (build 1.8.0_181-b13)
# Java VM: Java HotSpot(TM) 64-Bit Server VM (25.181-b13 mixed mode windows-amd64 compressed oops)
# Problematic frame:
# C  [glfw.dll+0xe2d8]
#
# Failed to write core dump. Minidumps are not enabled by default on client versions of Windows
#
# If you would like to submit a bug report, please visit:
#   http://bugreport.java.com/bugreport/crash.jsp
# The crash happened outside the Java Virtual Machine in native code.
# See problematic frame for where to report the bug.
#

---------------  T H R E A D  ---------------

Current thread (0x0000000002f54000):  JavaThread "main" [_thread_in_native, id=620, stack(0x0000000002de0000,0x0000000002ee0000)]

siginfo: ExceptionCode=0xc0000005, reading address 0x00000000011f4648

Registers:
RAX=0x0000000002ede8d8, RBX=0x0000000000000100, RCX=0x0000000000000000, RDX=0x0000000000000001
RSP=0x0000000002ede8b0, RBP=0x0000000002ede959, RSI=0x00000000011f42d0, RDI=0x0000000000010001
R8 =0x0000000000000004, R9 =0x00000000030d7e00, R10=0x00000000153fa200, R11=0x0000000002ede008
R12=0x0000000000000100, R13=0x00000000004c07cc, R14=0x0000000000000000, R15=0x000000000000001b
RIP=0x00007ffdc186e2d8, EFLAGS=0x0000000000010202

Top of Stack: (sp=0x0000000002ede8b0)
0x0000000002ede8b0:   0000000000000100 00000000011f42d0
0x0000000002ede8c0:   0000000000000000 0000000000000000
0x0000000002ede8d0:   0000000000000000 00007ffdd3526a03
0x0000000002ede8e0:   0000000000000000 00007ffdd0e20b76
0x0000000002ede8f0:   0000000000000020 0000000000000001
0x0000000002ede900:   00000000011f42d0 00000000011f42d0
0x0000000002ede910:   00007ffdd0f25554 00007ffdd0e20b03
0x0000000002ede920:   00007ffdd0f24110 00007ffdd0f24118
0x0000000002ede930:   00007ffdd0f24110 00000000004c07cc
0x0000000002ede940:   00007ffd00000000 0000e0f085e333f4
0x0000000002ede950:   0000315eb20b2450 0000000000010001
0x0000000002ede960:   0000000000000000 0000000000010001
0x0000000002ede970:   0000000000000001 0000000000000000
0x0000000002ede980:   0000000000000000 0000000000000000
0x0000000002ede990:   0000000000000100 0000000080006011
0x0000000002ede9a0:   0000000000000000 0000000000000001 

Instructions: (pc=0x00007ffdc186e2d8)
0x00007ffdc186e2b8:   45 8b ee 8b 45 97 44 8b 45 9f 45 8b cd 41 8b d4
0x00007ffdc186e2c8:   89 44 24 20 48 8b ce e8 cc 45 ff ff 4c 8b 6d df
0x00007ffdc186e2d8:   83 be 78 03 00 00 00 0f 85 c7 05 00 00 4c 8b cf
0x00007ffdc186e2e8:   4d 8b c7 8b d3 49 8b cd ff 15 b2 91 01 00 e9 b5 


Register to memory mapping:

RAX=0x0000000002ede8d8 is pointing into the stack for thread: 0x0000000002f54000
RBX=0x0000000000000100 is an unknown value
RCX=0x0000000000000000 is an unknown value
RDX=0x0000000000000001 is an unknown value
RSP=0x0000000002ede8b0 is pointing into the stack for thread: 0x0000000002f54000
RBP=0x0000000002ede959 is pointing into the stack for thread: 0x0000000002f54000
RSI=0x00000000011f42d0 is an unknown value
RDI=0x0000000000010001 is an unknown value
R8 =0x0000000000000004 is an unknown value
R9 =0x00000000030d7e00 is an unknown value
R10={method} {0x00000000153fa208} 'callback' '(J)V' in 'org/lwjgl/glfw/GLFWKeyCallbackI'
R11=0x0000000002ede008 is pointing into the stack for thread: 0x0000000002f54000
R12=0x0000000000000100 is an unknown value
R13=0x00000000004c07cc is an unknown value
R14=0x0000000000000000 is an unknown value
R15=0x000000000000001b is an unknown value


Stack: [0x0000000002de0000,0x0000000002ee0000],  sp=0x0000000002ede8b0,  free space=1018k
Native frames: (J=compiled Java code, j=interpreted, Vv=VM code, C=native code)
C  [glfw.dll+0xe2d8]
C  [USER32.dll+0xca66]
C  [USER32.dll+0xc34b]
C  [opengl32.dll+0x41639]
C  [USER32.dll+0xca66]
C  [USER32.dll+0xc582]
C  [glfw.dll+0xb568]
C  0x00000000030f86c7

Java frames: (J=compiled Java code, j=interpreted, Vv=VM code)
j  org.lwjgl.system.JNI.invokeV(J)V+0
j  org.lwjgl.glfw.GLFW.glfwPollEvents()V+8
j  com.fuller.DungeonTrip.GameLoop.tick()V+0
j  com.fuller.DungeonTrip.GameLoop.gameLoop()V+65
j  com.fuller.DungeonTrip.GameLoop.run(Lcom/fuller/DungeonTrip/Window;)V+11
j  com.fuller.DungeonTrip.App.main([Ljava/lang/String;)V+46
v  ~StubRoutines::call_stub

---------------  P R O C E S S  ---------------

Java Threads: ( => current thread )
  0x000000001563e800 JavaThread "Service Thread" daemon [_thread_blocked, id=6568, stack(0x0000000017350000,0x0000000017450000)]
  0x0000000015610000 JavaThread "C1 CompilerThread2" daemon [_thread_blocked, id=1468, stack(0x0000000016e50000,0x0000000016f50000)]
  0x00000000155e7000 JavaThread "C2 CompilerThread1" daemon [_thread_blocked, id=4104, stack(0x0000000016d50000,0x0000000016e50000)]
  0x00000000155e1800 JavaThread "C2 CompilerThread0" daemon [_thread_blocked, id=7260, stack(0x0000000016c50000,0x0000000016d50000)]
  0x00000000155df800 JavaThread "Attach Listener" daemon [_thread_blocked, id=900, stack(0x0000000016b50000,0x0000000016c50000)]
  0x00000000155de800 JavaThread "Signal Dispatcher" daemon [_thread_blocked, id=9028, stack(0x0000000016a50000,0x0000000016b50000)]
  0x000000000304e800 JavaThread "Finalizer" daemon [_thread_blocked, id=11344, stack(0x0000000016850000,0x0000000016950000)]
  0x0000000003043000 JavaThread "Reference Handler" daemon [_thread_blocked, id=2084, stack(0x0000000016750000,0x0000000016850000)]
=>0x0000000002f54000 JavaThread "main" [_thread_in_native, id=620, stack(0x0000000002de0000,0x0000000002ee0000)]

Other Threads:
  0x00000000155a8000 VMThread [stack: 0x0000000016650000,0x0000000016750000] [id=10772]
  0x0000000016f98800 WatcherThread [stack: 0x0000000017450000,0x0000000017550000] [id=12752]

VM state:not at safepoint (normal execution)

VM Mutex/Monitor currently owned by a thread: None

Heap:
 PSYoungGen      total 18432K, used 3341K [0x00000000ebb80000, 0x00000000ed000000, 0x0000000100000000)
  eden space 15872K, 5% used [0x00000000ebb80000,0x00000000ebc48d38,0x00000000ecb00000)
  from space 2560K, 99% used [0x00000000ecb00000,0x00000000ecd7a860,0x00000000ecd80000)
  to   space 2560K, 0% used [0x00000000ecd80000,0x00000000ecd80000,0x00000000ed000000)
 ParOldGen       total 42496K, used 1014K [0x00000000c3200000, 0x00000000c5b80000, 0x00000000ebb80000)
  object space 42496K, 2% used [0x00000000c3200000,0x00000000c32fdac0,0x00000000c5b80000)
 Metaspace       used 8575K, capacity 8773K, committed 9088K, reserved 1056768K
  class space    used 716K, capacity 812K, committed 896K, reserved 1048576K

Card table byte_map: [0x00000000124a0000,0x0000000012690000] byte_map_base: 0x0000000011e87000

Marking Bits: (ParMarkBitMap*) 0x000000006aab2d00
 Begin Bits: [0x0000000012be0000, 0x0000000013b18000)
 End Bits:   [0x0000000013b18000, 0x0000000014a50000)

Polling page: 0x0000000000df0000

CodeCache: size=245760Kb used=2987Kb max_used=2987Kb free=242772Kb
 bounds [0x00000000030e0000, 0x00000000033d0000, 0x00000000120e0000]
 total_blobs=1578 nmethods=710 adapters=782
 compilation: enabled

Compilation events (10 events):
Event: 2.353 Thread 0x0000000015610000  703   !   3       java.net.URLClassLoader$1::run (63 bytes)
Event: 2.354 Thread 0x0000000015610000 nmethod 703 0x00000000033c17d0 code [0x00000000033c19a0, 0x00000000033c1ec8]
Event: 2.363 Thread 0x0000000015610000  704       3       java.lang.ClassNotFoundException::<init> (7 bytes)
Event: 2.364 Thread 0x0000000015610000 nmethod 704 0x00000000033c1310 code [0x00000000033c1480, 0x00000000033c16c8]
Event: 2.439 Thread 0x0000000015610000  706       3       java.nio.ByteBuffer::array (35 bytes)
Event: 2.439 Thread 0x0000000015610000 nmethod 706 0x00000000033c8c10 code [0x00000000033c8da0, 0x00000000033c90b8]
Event: 2.907 Thread 0x0000000015610000  709       3       java.nio.Buffer::<init> (121 bytes)
Event: 2.908 Thread 0x0000000015610000 nmethod 709 0x00000000033c9910 code [0x00000000033c9be0, 0x00000000033cb068]
Event: 3.740 Thread 0x0000000015610000  710       3       java.nio.CharBuffer::<init> (22 bytes)
Event: 3.741 Thread 0x0000000015610000 nmethod 710 0x00000000033cb9d0 code [0x00000000033cbb40, 0x00000000033cbd08]

GC Heap History (2 events):
Event: 2.211 GC heap before
{Heap before GC invocations=1 (full 0):
 PSYoungGen      total 18432K, used 15872K [0x00000000ebb80000, 0x00000000ed000000, 0x0000000100000000)
  eden space 15872K, 100% used [0x00000000ebb80000,0x00000000ecb00000,0x00000000ecb00000)
  from space 2560K, 0% used [0x00000000ecd80000,0x00000000ecd80000,0x00000000ed000000)
  to   space 2560K, 0% used [0x00000000ecb00000,0x00000000ecb00000,0x00000000ecd80000)
 ParOldGen       total 42496K, used 0K [0x00000000c3200000, 0x00000000c5b80000, 0x00000000ebb80000)
  object space 42496K, 0% used [0x00000000c3200000,0x00000000c3200000,0x00000000c5b80000)
 Metaspace       used 8397K, capacity 8539K, committed 8832K, reserved 1056768K
  class space    used 702K, capacity 777K, committed 896K, reserved 1048576K
Event: 2.222 GC heap after
Heap after GC invocations=1 (full 0):
 PSYoungGen      total 18432K, used 2538K [0x00000000ebb80000, 0x00000000ed000000, 0x0000000100000000)
  eden space 15872K, 0% used [0x00000000ebb80000,0x00000000ebb80000,0x00000000ecb00000)
  from space 2560K, 99% used [0x00000000ecb00000,0x00000000ecd7a860,0x00000000ecd80000)
  to   space 2560K, 0% used [0x00000000ecd80000,0x00000000ecd80000,0x00000000ed000000)
 ParOldGen       total 42496K, used 1014K [0x00000000c3200000, 0x00000000c5b80000, 0x00000000ebb80000)
  object space 42496K, 2% used [0x00000000c3200000,0x00000000c32fdac0,0x00000000c5b80000)
 Metaspace       used 8397K, capacity 8539K, committed 8832K, reserved 1056768K
  class space    used 702K, capacity 777K, committed 896K, reserved 1048576K
}

Deoptimization events (1 events):
Event: 0.938 Thread 0x0000000002f54000 Uncommon trap: reason=unstable_if action=reinterpret pc=0x00000000032838a0 method=java.lang.String.indexOf([CII[CIII)I @ 3

Classes redefined (0 events):
No events

Internal exceptions (10 events):
Event: 0.076 Thread 0x0000000002f54000 Exception <a 'java/lang/NoSuchMethodError': Method sun.misc.Unsafe.prefetchRead(Ljava/lang/Object;J)V name or signature does not match> (0x00000000ebb87f98) thrown at [C:\re\workspace\8-2-build-windows-amd64-cygwin\jdk8u181\11358\hotspot\src\share\vm\prim
Event: 0.462 Thread 0x0000000002f54000 Exception <a 'java/lang/NoSuchMethodError': java.lang.Object.lambda$static$0(Ljava/lang/String;)Ljava/lang/Boolean;> (0x00000000ebd6fb68) thrown at [C:\re\workspace\8-2-build-windows-amd64-cygwin\jdk8u181\11358\hotspot\src\share\vm\interpreter\linkResolve
Event: 0.503 Thread 0x0000000002f54000 Exception <a 'java/lang/NoSuchFieldError': method resolution failed> (0x00000000ebde79d0) thrown at [C:\re\workspace\8-2-build-windows-amd64-cygwin\jdk8u181\11358\hotspot\src\share\vm\prims\methodHandles.cpp, line 1167]
Event: 0.513 Thread 0x0000000002f54000 Exception <a 'java/lang/NoSuchFieldError': method resolution failed> (0x00000000ebdf4dd0) thrown at [C:\re\workspace\8-2-build-windows-amd64-cygwin\jdk8u181\11358\hotspot\src\share\vm\prims\methodHandles.cpp, line 1167]
Event: 0.708 Thread 0x0000000002f54000 Exception <a 'java/security/PrivilegedActionException'> (0x00000000ebf40e38) thrown at [C:\re\workspace\8-2-build-windows-amd64-cygwin\jdk8u181\11358\hotspot\src\share\vm\prims\jvm.cpp, line 1435]
Event: 0.708 Thread 0x0000000002f54000 Exception <a 'java/security/PrivilegedActionException'> (0x00000000ebf41048) thrown at [C:\re\workspace\8-2-build-windows-amd64-cygwin\jdk8u181\11358\hotspot\src\share\vm\prims\jvm.cpp, line 1435]
Event: 0.710 Thread 0x0000000002f54000 Exception <a 'java/security/PrivilegedActionException'> (0x00000000ebf44cb8) thrown at [C:\re\workspace\8-2-build-windows-amd64-cygwin\jdk8u181\11358\hotspot\src\share\vm\prims\jvm.cpp, line 1435]
Event: 0.710 Thread 0x0000000002f54000 Exception <a 'java/security/PrivilegedActionException'> (0x00000000ebf44ec8) thrown at [C:\re\workspace\8-2-build-windows-amd64-cygwin\jdk8u181\11358\hotspot\src\share\vm\prims\jvm.cpp, line 1435]
Event: 1.561 Thread 0x0000000002f54000 Exception <a 'sun/nio/fs/WindowsException'> (0x00000000ec340508) thrown at [C:\re\workspace\8-2-build-windows-amd64-cygwin\jdk8u181\11358\hotspot\src\share\vm\prims\jni.cpp, line 709]
Event: 1.563 Thread 0x0000000002f54000 Exception <a 'sun/nio/fs/WindowsException'> (0x00000000ec340d98) thrown at [C:\re\workspace\8-2-build-windows-amd64-cygwin\jdk8u181\11358\hotspot\src\share\vm\prims\jni.cpp, line 709]

Events (10 events):
Event: 2.360 loading class org/lwjgl/system/CallbackI$D
Event: 2.361 loading class org/lwjgl/system/CallbackI$D done
Event: 2.362 loading class org/lwjgl/system/CallbackI$P
Event: 2.362 loading class org/lwjgl/system/CallbackI$P done
Event: 2.363 loading class org/lwjgl/system/dyncall/DynCallback
Event: 2.363 loading class org/lwjgl/system/dyncall/DynCallback done
Event: 2.365 loading class org/lwjgl/glfw/GLFWKeyCallback
Event: 2.365 loading class org/lwjgl/glfw/GLFWKeyCallback done
Event: 2.367 loading class org/lwjgl/glfw/GLFWKeyCallback$Container
Event: 2.367 loading class org/lwjgl/glfw/GLFWKeyCallback$Container done


Dynamic libraries:
0x00007ff7d17d0000 - 0x00007ff7d1807000 	C:\Program Files\Java\jre1.8.0_181\bin\javaw.exe
0x00007ffdd34e0000 - 0x00007ffdd36cd000 	C:\WINDOWS\SYSTEM32\ntdll.dll
0x00007ffdd0a20000 - 0x00007ffdd0ad3000 	C:\WINDOWS\System32\KERNEL32.DLL
0x00007ffdd0160000 - 0x00007ffdd03f3000 	C:\WINDOWS\System32\KERNELBASE.dll
0x00007ffdd32b0000 - 0x00007ffdd3353000 	C:\WINDOWS\System32\ADVAPI32.dll
0x00007ffdd0840000 - 0x00007ffdd08de000 	C:\WINDOWS\System32\msvcrt.dll
0x00007ffdd12e0000 - 0x00007ffdd137e000 	C:\WINDOWS\System32\sechost.dll
0x00007ffdd2ce0000 - 0x00007ffdd2e02000 	C:\WINDOWS\System32\RPCRT4.dll
0x00007ffdd0fe0000 - 0x00007ffdd1177000 	C:\WINDOWS\System32\USER32.dll
0x00007ffdd06c0000 - 0x00007ffdd06e0000 	C:\WINDOWS\System32\win32u.dll
0x00007ffdd29d0000 - 0x00007ffdd29f9000 	C:\WINDOWS\System32\GDI32.dll
0x00007ffdd0400000 - 0x00007ffdd059a000 	C:\WINDOWS\System32\gdi32full.dll
0x00007ffdcf5b0000 - 0x00007ffdcf650000 	C:\WINDOWS\System32\msvcp_win.dll
0x00007ffdd05c0000 - 0x00007ffdd06ba000 	C:\WINDOWS\System32\ucrtbase.dll
0x00007ffdb66b0000 - 0x00007ffdb6929000 	C:\WINDOWS\WinSxS\amd64_microsoft.windows.common-controls_6595b64144ccf1df_6.0.17763.437_none_05b63dca071e5dd6\COMCTL32.dll
0x00007ffdd0ae0000 - 0x00007ffdd0e0c000 	C:\WINDOWS\System32\combase.dll
0x00007ffdcff00000 - 0x00007ffdcff7e000 	C:\WINDOWS\System32\bcryptPrimitives.dll
0x00007ffdd33d0000 - 0x00007ffdd33fe000 	C:\WINDOWS\System32\IMM32.DLL
0x0000000069dc0000 - 0x0000000069e92000 	C:\Program Files\Java\jre1.8.0_181\bin\msvcr100.dll
0x000000006a290000 - 0x000000006ab32000 	C:\Program Files\Java\jre1.8.0_181\bin\server\jvm.dll
0x00007ffdd1450000 - 0x00007ffdd1458000 	C:\WINDOWS\System32\PSAPI.DLL
0x00007ffdbf690000 - 0x00007ffdbf699000 	C:\WINDOWS\SYSTEM32\WSOCK32.dll
0x00007ffdd3360000 - 0x00007ffdd33cd000 	C:\WINDOWS\System32\WS2_32.dll
0x00007ffdcd0c0000 - 0x00007ffdcd0e4000 	C:\WINDOWS\SYSTEM32\WINMM.dll
0x00007ffdc3f70000 - 0x00007ffdc3f7a000 	C:\WINDOWS\SYSTEM32\VERSION.dll
0x00007ffdcd090000 - 0x00007ffdcd0bd000 	C:\WINDOWS\SYSTEM32\WINMMBASE.dll
0x00007ffdcfda0000 - 0x00007ffdcfdea000 	C:\WINDOWS\System32\cfgmgr32.dll
0x000000006add0000 - 0x000000006addf000 	C:\Program Files\Java\jre1.8.0_181\bin\verify.dll
0x000000006ada0000 - 0x000000006adc9000 	C:\Program Files\Java\jre1.8.0_181\bin\java.dll
0x000000006a190000 - 0x000000006a1a6000 	C:\Program Files\Java\jre1.8.0_181\bin\zip.dll
0x00007ffdd14e0000 - 0x00007ffdd29d0000 	C:\WINDOWS\System32\SHELL32.dll
0x00007ffdd2bb0000 - 0x00007ffdd2c58000 	C:\WINDOWS\System32\shcore.dll
0x00007ffdcf650000 - 0x00007ffdcfd9a000 	C:\WINDOWS\System32\windows.storage.dll
0x00007ffdcf560000 - 0x00007ffdcf584000 	C:\WINDOWS\System32\profapi.dll
0x00007ffdcf4e0000 - 0x00007ffdcf53d000 	C:\WINDOWS\System32\powrprof.dll
0x00007ffdd1390000 - 0x00007ffdd13e2000 	C:\WINDOWS\System32\shlwapi.dll
0x00007ffdcf540000 - 0x00007ffdcf551000 	C:\WINDOWS\System32\kernel.appcore.dll
0x00007ffdd05a0000 - 0x00007ffdd05b7000 	C:\WINDOWS\System32\cryptsp.dll
0x000000006a170000 - 0x000000006a18a000 	C:\Program Files\Java\jre1.8.0_181\bin\net.dll
0x00007ffdced00000 - 0x00007ffdced67000 	C:\WINDOWS\system32\mswsock.dll
0x000000006a150000 - 0x000000006a161000 	C:\Program Files\Java\jre1.8.0_181\bin\nio.dll
0x00007ffdc1bf0000 - 0x00007ffdc1c62000 	C:\Users\benjamin.fuller\AppData\Local\Temp\lwjglBenjamin.Fuller\3.2.2-build-10\lwjgl.dll
0x00007ffdc1860000 - 0x00007ffdc18be000 	C:\Users\BENJAM~1.FUL\AppData\Local\Temp\lwjglBenjamin.Fuller\3.2.2-build-10\glfw.dll
0x00007ffdcd560000 - 0x00007ffdcd5fc000 	C:\WINDOWS\system32\uxtheme.dll
0x00007ffdcd820000 - 0x00007ffdcd84e000 	C:\WINDOWS\SYSTEM32\dwmapi.dll
0x00007ffdcff80000 - 0x00007ffdd015b000 	C:\WINDOWS\System32\CRYPT32.dll
0x00007ffdcf590000 - 0x00007ffdcf5a2000 	C:\WINDOWS\System32\MSASN1.dll
0x00007ffdc42b0000 - 0x00007ffdc437c000 	C:\WINDOWS\SYSTEM32\inputhost.dll
0x00007ffdcd920000 - 0x00007ffdcdb2d000 	C:\WINDOWS\SYSTEM32\twinapi.appcore.dll
0x00007ffdcca50000 - 0x00007ffdccb32000 	C:\WINDOWS\SYSTEM32\CoreMessaging.dll
0x00007ffdca630000 - 0x00007ffdca952000 	C:\WINDOWS\SYSTEM32\CoreUIComponents.dll
0x00007ffdcbe90000 - 0x00007ffdcc44e000 	C:\WINDOWS\SYSTEM32\d2d1.dll
0x00007ffdcb7b0000 - 0x00007ffdcba2e000 	C:\WINDOWS\SYSTEM32\d3d11.dll
0x00007ffdcacc0000 - 0x00007ffdcae13000 	C:\WINDOWS\SYSTEM32\wintypes.dll
0x00007ffdcdb50000 - 0x00007ffdcdb78000 	C:\WINDOWS\SYSTEM32\RMCLIENT.dll
0x00007ffdcd230000 - 0x00007ffdcd3d8000 	C:\WINDOWS\SYSTEM32\PROPSYS.dll
0x00007ffdce570000 - 0x00007ffdce5a1000 	C:\WINDOWS\SYSTEM32\ntmarta.dll
0x00007ffdce260000 - 0x00007ffdce322000 	C:\WINDOWS\SYSTEM32\dxgi.dll
0x00007ffdd0950000 - 0x00007ffdd0a14000 	C:\WINDOWS\System32\OLEAUT32.dll
0x00007ffdd0e10000 - 0x00007ffdd0f7a000 	C:\WINDOWS\System32\MSCTF.dll
0x00007ffdd06e0000 - 0x00007ffdd0706000 	C:\WINDOWS\System32\bcrypt.dll
0x00007ffdbe130000 - 0x00007ffdbe257000 	C:\WINDOWS\SYSTEM32\opengl32.dll
0x00007ffdbd720000 - 0x00007ffdbd74c000 	C:\WINDOWS\SYSTEM32\GLU32.dll
0x00007ffd7b890000 - 0x00007ffd7c74f000 	C:\WINDOWS\System32\DriverStore\FileRepository\ki126974.inf_amd64_9168fc04b8275db9\ig9icd64.dll
0x00007ffdce0c0000 - 0x00007ffdce0d3000 	C:\WINDOWS\SYSTEM32\WTSAPI32.dll
0x00007ffdc6cb0000 - 0x00007ffdc8a45000 	C:\WINDOWS\System32\DriverStore\FileRepository\ki126974.inf_amd64_9168fc04b8275db9\igc64.dll
0x00007ffdb5d00000 - 0x00007ffdb5d58000 	C:\Users\benjamin.fuller\AppData\Local\Temp\lwjglBenjamin.Fuller\3.2.2-build-10\lwjgl_opengl.dll
0x00007ffd9c970000 - 0x00007ffd9cbc1000 	C:\Users\BENJAM~1.FUL\AppData\Local\Temp\lwjglBenjamin.Fuller\3.2.2-build-10\jemalloc.dll
0x00007ffdc4380000 - 0x00007ffdc4415000 	C:\WINDOWS\System32\TextInputFramework.dll
0x00007ffdd1180000 - 0x00007ffdd12d5000 	C:\WINDOWS\System32\ole32.dll
0x00007ffdcded0000 - 0x00007ffdce0bd000 	C:\WINDOWS\SYSTEM32\dbghelp.dll

VM Arguments:
jvm_args: -Dfile.encoding=UTF-8 
java_command: com.fuller.DungeonTrip.App
java_class_path (initial): C:\Users\benjamin.fuller\OneDrive - Great Oaks Career Campuses\Root\Apps\Data\eclipse\workspaces\DanDGame\DungeonTrip\target\classes;C:\Users\benjamin.fuller\.m2\repository\org\lwjgl\lwjgl\3.2.2\lwjgl-3.2.2.jar;C:\Users\benjamin.fuller\.m2\repository\org\lwjgl\lwjgl-assimp\3.2.2\lwjgl-assimp-3.2.2.jar;C:\Users\benjamin.fuller\.m2\repository\org\lwjgl\lwjgl-bgfx\3.2.2\lwjgl-bgfx-3.2.2.jar;C:\Users\benjamin.fuller\.m2\repository\org\lwjgl\lwjgl-cuda\3.2.2\lwjgl-cuda-3.2.2.jar;C:\Users\benjamin.fuller\.m2\repository\org\lwjgl\lwjgl-egl\3.2.2\lwjgl-egl-3.2.2.jar;C:\Users\benjamin.fuller\.m2\repository\org\lwjgl\lwjgl-glfw\3.2.2\lwjgl-glfw-3.2.2.jar;C:\Users\benjamin.fuller\.m2\repository\org\lwjgl\lwjgl-jawt\3.2.2\lwjgl-jawt-3.2.2.jar;C:\Users\benjamin.fuller\.m2\repository\org\lwjgl\lwjgl-jemalloc\3.2.2\lwjgl-jemalloc-3.2.2.jar;C:\Users\benjamin.fuller\.m2\repository\org\lwjgl\lwjgl-libdivide\3.2.2\lwjgl-libdivide-3.2.2.jar;C:\Users\benjamin.fuller\.m2\repository\org\lwjgl\lwjgl-llvm\3.2.2\lwjgl-llvm-3.2.2.jar;C:\Users\benjamin.fuller\.m2\repository\org\lwjgl\lwjgl-lmdb\3.2.2\lwjgl-lmdb-3.2.2.jar;C:\Users\benjamin.fuller\.m2\repository\org\lwjgl\lwjgl-lz4\3.2.2\lwjgl-lz4-3.2.2.jar;C:\Users\benjamin.fuller\.m2\repository\org\lwjgl\lwjgl-meow\3.2.2\lwjgl-meow-3.2.2.jar;C:\Users\benjamin.fuller\.m2\repository\org\lwjgl\lwjgl-nanovg\3.2.2\lwjgl-nanovg-3.2.2.jar;C:\Users\benjamin.fuller\.m2\repository\org\lwjgl\lwjgl-nfd\3.2.2\lwjgl-nfd-3.2.2.jar;C:\Users\benjamin.fuller\.m2\repository\org\lwjgl\lwjgl-nuklear\3.2.2\lwjgl-nuklear-3.2.2.jar;C:\Users\benjamin.fuller\.m2\repository\org\lwjgl\lwjgl-odbc\3.2.2\lwjgl-odbc-3.2.2.jar;C:\Users\benjamin.fuller\.m2\repository\org\lwjgl\lwjgl-openal\3.2.2\lwjgl-openal-3.2.2.jar;C:\Users\benjamin.fuller\.m2\repository\org\lwjgl\lwjgl-opencl\3.2.2\lwjgl-opencl-3.2.2.jar;C:\Users\benjamin.fuller\.m2\repository\org\lwjgl\lwjgl-opengl\3.2.2\lwjgl-opengl-3.2.2.jar;C:\Users\benjamin.fuller\.m2\repository\org\lwjgl\
Launcher Type: SUN_STANDARD

Environment Variables:
PATH=C:/Program Files/Java/jre1.8.0_181/bin/server;C:/Program Files/Java/jre1.8.0_181/bin;C:/Program Files/Java/jre1.8.0_181/lib/amd64;C:\Program Files (x86)\Common Files\Oracle\Java\javapath;C:\WINDOWS\system32;C:\WINDOWS;C:\WINDOWS\System32\Wbem;C:\WINDOWS\System32\WindowsPowerShell\v1.0\;C:\WINDOWS\System32\OpenSSH\;C:\Program Files\dotnet\;C:\Program Files\Microsoft SQL Server\130\Tools\Binn\;C:\Users\benjamin.fuller\AppData\Local\Microsoft\WindowsApps;;C:\Users\benjamin.fuller\OneDrive - Great Oaks Career Campuses\Root\Apps\eclipse;
USERNAME=Benjamin.Fuller
OS=Windows_NT
PROCESSOR_IDENTIFIER=Intel64 Family 6 Model 92 Stepping 9, GenuineIntel



---------------  S Y S T E M  ---------------

OS: Windows 10.0 , 64 bit Build 17763 (10.0.17763.437)

CPU:total 4 (initial active 4) (4 cores per cpu, 1 threads per core) family 6 model 92 stepping 9, cmov, cx8, fxsr, mmx, sse, sse2, sse3, ssse3, sse4.1, sse4.2, popcnt, aes, clmul, erms, 3dnowpref, tsc, tscinvbit

Memory: 4k page, physical 3985316k(681752k free), swap 8441764k(3517468k free)

vm_info: Java HotSpot(TM) 64-Bit Server VM (25.181-b13) for windows-amd64 JRE (1.8.0_181-b13), built on Jul  7 2018 04:01:33 by "java_re" with MS VC++ 10.0 (VS2010)

time: Mon May 13 09:15:42 2019
elapsed time: 3 seconds (0d 0h 0m 3s)

